<?xml version="1.0" encoding="UTF-8"?>
<!-- Generated by org.testng.reporters.JUnitReportReporter -->
<testsuite hostname="IshaLap" failures="0" tests="2" name="runners.TestRunner" time="32902.480" errors="1" timestamp="2024-07-29T01:07:24 IST" skipped="0">
  <testcase classname="runners.TestRunner" name="runScenario" time="32902.457">
    <error type="java.lang.StackOverflowError">
      <![CDATA[java.lang.StackOverflowError
at org.openqa.selenium.remote.RemoteWebDriver.execute(RemoteWebDriver.java:561)
at org.openqa.selenium.remote.RemoteWebDriver.executeScript(RemoteWebDriver.java:465)
at DemoTestJourney.LoginPageClass$1.apply(LoginPageClass.java:97)
at DemoTestJourney.LoginPageClass$1.apply(LoginPageClass.java:1)
at org.openqa.selenium.support.ui.FluentWait.until(FluentWait.java:203)
at DemoTestJourney.LoginPageClass.waitForPageToLoad(LoginPageClass.java:93)
at DemoTestJourney.LoginPageClass.waitForPageToLoad(LoginPageClass.java:102)
at DemoTestJourney.LoginPageClass.waitForPageToLoad(LoginPageClass.java:102)
at DemoTestJourney.LoginPageClass.waitForPageToLoad(LoginPageClass.java:102)
at DemoTestJourney.LoginPageClass.waitForPageToLoad(LoginPageClass.java:102)
at DemoTestJourney.LoginPageClass.waitForPageToLoad(LoginPageClass.java:102)
at DemoTestJourney.LoginPageClass.waitForPageToLoad(LoginPageClass.java:102)
at DemoTestJourney.LoginPageClass.waitForPageToLoad(LoginPageClass.java:102)
at DemoTestJourney.LoginPageClass.waitForPageToLoad(LoginPageClass.java:102)
at DemoTestJourney.LoginPageClass.waitForPageToLoad(LoginPageClass.java:102)
at DemoTestJourney.LoginPageClass.waitForPageToLoad(LoginPageClass.java:102)
at DemoTestJourney.LoginPageClass.waitForPageToLoad(LoginPageClass.java:102)
at DemoTestJourney.LoginPageClass.waitForPageToLoad(LoginPageClass.java:102)
at DemoTestJourney.LoginPageClass.waitForPageToLoad(LoginPageClass.java:102)
at DemoTestJourney.LoginPageClass.waitForPageToLoad(LoginPageClass.java:102)
at DemoTestJourney.LoginPageClass.waitForPageToLoad(LoginPageClass.java:102)
at DemoTestJourney.LoginPageClass.waitForPageToLoad(LoginPageClass.java:102)
at DemoTestJourney.LoginPageClass.waitForPageToLoad(LoginPageClass.java:102)
at DemoTestJourney.LoginPageClass.waitForPageToLoad(LoginPageClass.java:102)
at DemoTestJourney.LoginPageClass.waitForPageToLoad(LoginPageClass.java:102)
at DemoTestJourney.LoginPageClass.waitForPageToLoad(LoginPageClass.java:102)
at DemoTestJourney.LoginPageClass.waitForPageToLoad(LoginPageClass.java:102)
at DemoTestJourney.LoginPageClass.waitForPageToLoad(LoginPageClass.java:102)
at DemoTestJourney.LoginPageClass.waitForPageToLoad(LoginPageClass.java:102)
at DemoTestJourney.LoginPageClass.waitForPageToLoad(LoginPageClass.java:102)
at DemoTestJourney.LoginPageClass.waitForPageToLoad(LoginPageClass.java:102)
at DemoTestJourney.LoginPageClass.waitForPageToLoad(LoginPageClass.java:102)
at DemoTestJourney.LoginPageClass.waitForPageToLoad(LoginPageClass.java:102)
at DemoTestJourney.LoginPageClass.waitForPageToLoad(LoginPageClass.java:102)
at DemoTestJourney.LoginPageClass.waitForPageToLoad(LoginPageClass.java:102)
at DemoTestJourney.LoginPageClass.waitForPageToLoad(LoginPageClass.java:102)
at DemoTestJourney.LoginPageClass.waitForPageToLoad(LoginPageClass.java:102)
at DemoTestJourney.LoginPageClass.waitForPageToLoad(LoginPageClass.java:102)
at DemoTestJourney.LoginPageClass.waitForPageToLoad(LoginPageClass.java:102)
at DemoTestJourney.LoginPageClass.waitForPageToLoad(LoginPageClass.java:102)
at DemoTestJourney.LoginPageClass.waitForPageToLoad(LoginPageClass.java:102)
at DemoTestJourney.LoginPageClass.waitForPageToLoad(LoginPageClass.java:102)
at DemoTestJourney.LoginPageClass.waitForPageToLoad(LoginPageClass.java:102)
at DemoTestJourney.LoginPageClass.waitForPageToLoad(LoginPageClass.java:102)
at DemoTestJourney.LoginPageClass.waitForPageToLoad(LoginPageClass.java:102)
at DemoTestJourney.LoginPageClass.waitForPageToLoad(LoginPageClass.java:102)
at DemoTestJourney.LoginPageClass.waitForPageToLoad(LoginPageClass.java:102)
at DemoTestJourney.LoginPageClass.waitForPageToLoad(LoginPageClass.java:102)
at DemoTestJourney.LoginPageClass.waitForPageToLoad(LoginPageClass.java:102)
at DemoTestJourney.LoginPageClass.waitForPageToLoad(LoginPageClass.java:102)
at DemoTestJourney.LoginPageClass.waitForPageToLoad(LoginPageClass.java:102)
at DemoTestJourney.LoginPageClass.waitForPageToLoad(LoginPageClass.java:102)
at DemoTestJourney.LoginPageClass.waitForPageToLoad(LoginPageClass.java:102)
at DemoTestJourney.LoginPageClass.waitForPageToLoad(LoginPageClass.java:102)
at DemoTestJourney.LoginPageClass.waitForPageToLoad(LoginPageClass.java:102)
at DemoTestJourney.LoginPageClass.waitForPageToLoad(LoginPageClass.java:102)
at DemoTestJourney.LoginPageClass.waitForPageToLoad(LoginPageClass.java:102)
at DemoTestJourney.LoginPageClass.waitForPageToLoad(LoginPageClass.java:102)
at DemoTestJourney.LoginPageClass.waitForPageToLoad(LoginPageClass.java:102)
at DemoTestJourney.LoginPageClass.waitForPageToLoad(LoginPageClass.java:102)
at DemoTestJourney.LoginPageClass.waitForPageToLoad(LoginPageClass.java:102)
at DemoTestJourney.LoginPageClass.waitForPageToLoad(LoginPageClass.java:102)
at DemoTestJourney.LoginPageClass.waitForPageToLoad(LoginPageClass.java:102)
at DemoTestJourney.LoginPageClass.waitForPageToLoad(LoginPageClass.java:102)
at DemoTestJourney.LoginPageClass.waitForPageToLoad(LoginPageClass.java:102)
at DemoTestJourney.LoginPageClass.waitForPageToLoad(LoginPageClass.java:102)
at DemoTestJourney.LoginPageClass.waitForPageToLoad(LoginPageClass.java:102)
at DemoTestJourney.LoginPageClass.waitForPageToLoad(LoginPageClass.java:102)
at DemoTestJourney.LoginPageClass.waitForPageToLoad(LoginPageClass.java:102)
at DemoTestJourney.LoginPageClass.waitForPageToLoad(LoginPageClass.java:102)
at DemoTestJourney.LoginPageClass.waitForPageToLoad(LoginPageClass.java:102)
at DemoTestJourney.LoginPageClass.waitForPageToLoad(LoginPageClass.java:102)
at DemoTestJourney.LoginPageClass.waitForPageToLoad(LoginPageClass.java:102)
at DemoTestJourney.LoginPageClass.waitForPageToLoad(LoginPageClass.java:102)
at DemoTestJourney.LoginPageClass.waitForPageToLoad(LoginPageClass.java:102)
at DemoTestJourney.LoginPageClass.waitForPageToLoad(LoginPageClass.java:102)
at DemoTestJourney.LoginPageClass.waitForPageToLoad(LoginPageClass.java:102)
at DemoTestJourney.LoginPageClass.waitForPageToLoad(LoginPageClass.java:102)
at DemoTestJourney.LoginPageClass.waitForPageToLoad(LoginPageClass.java:102)
at DemoTestJourney.LoginPageClass.waitForPageToLoad(LoginPageClass.java:102)
at DemoTestJourney.LoginPageClass.waitForPageToLoad(LoginPageClass.java:102)
at DemoTestJourney.LoginPageClass.waitForPageToLoad(LoginPageClass.java:102)
at DemoTestJourney.LoginPageClass.waitForPageToLoad(LoginPageClass.java:102)
at DemoTestJourney.LoginPageClass.waitForPageToLoad(LoginPageClass.java:102)
at DemoTestJourney.LoginPageClass.waitForPageToLoad(LoginPageClass.java:102)
at DemoTestJourney.LoginPageClass.waitForPageToLoad(LoginPageClass.java:102)
at DemoTestJourney.LoginPageClass.waitForPageToLoad(LoginPageClass.java:102)
at DemoTestJourney.LoginPageClass.waitForPageToLoad(LoginPageClass.java:102)
at DemoTestJourney.LoginPageClass.waitForPageToLoad(LoginPageClass.java:102)
at DemoTestJourney.LoginPageClass.waitForPageToLoad(LoginPageClass.java:102)
at DemoTestJourney.LoginPageClass.waitForPageToLoad(LoginPageClass.java:102)
at DemoTestJourney.LoginPageClass.waitForPageToLoad(LoginPageClass.java:102)
at DemoTestJourney.LoginPageClass.waitForPageToLoad(LoginPageClass.java:102)
at DemoTestJourney.LoginPageClass.waitForPageToLoad(LoginPageClass.java:102)
at DemoTestJourney.LoginPageClass.waitForPageToLoad(LoginPageClass.java:102)
at DemoTestJourney.LoginPageClass.waitForPageToLoad(LoginPageClass.java:102)
at DemoTestJourney.LoginPageClass.waitForPageToLoad(LoginPageClass.java:102)
at DemoTestJourney.LoginPageClass.waitForPageToLoad(LoginPageClass.java:102)
at DemoTestJourney.LoginPageClass.waitForPageToLoad(LoginPageClass.java:102)
at DemoTestJourney.LoginPageClass.waitForPageToLoad(LoginPageClass.java:102)
at DemoTestJourney.LoginPageClass.waitForPageToLoad(LoginPageClass.java:102)
at DemoTestJourney.LoginPageClass.waitForPageToLoad(LoginPageClass.java:102)
at DemoTestJourney.LoginPageClass.waitForPageToLoad(LoginPageClass.java:102)
at DemoTestJourney.LoginPageClass.waitForPageToLoad(LoginPageClass.java:102)
at DemoTestJourney.LoginPageClass.waitForPageToLoad(LoginPageClass.java:102)
at DemoTestJourney.LoginPageClass.waitForPageToLoad(LoginPageClass.java:102)
at DemoTestJourney.LoginPageClass.waitForPageToLoad(LoginPageClass.java:102)
at DemoTestJourney.LoginPageClass.waitForPageToLoad(LoginPageClass.java:102)
at DemoTestJourney.LoginPageClass.waitForPageToLoad(LoginPageClass.java:102)
at DemoTestJourney.LoginPageClass.waitForPageToLoad(LoginPageClass.java:102)
at DemoTestJourney.LoginPageClass.waitForPageToLoad(LoginPageClass.java:102)
at DemoTestJourney.LoginPageClass.waitForPageToLoad(LoginPageClass.java:102)
at DemoTestJourney.LoginPageClass.waitForPageToLoad(LoginPageClass.java:102)
at DemoTestJourney.LoginPageClass.waitForPageToLoad(LoginPageClass.java:102)
at DemoTestJourney.LoginPageClass.waitForPageToLoad(LoginPageClass.java:102)
at DemoTestJourney.LoginPageClass.waitForPageToLoad(LoginPageClass.java:102)
at DemoTestJourney.LoginPageClass.waitForPageToLoad(LoginPageClass.java:102)
at DemoTestJourney.LoginPageClass.waitForPageToLoad(LoginPageClass.java:102)
at DemoTestJourney.LoginPageClass.waitForPageToLoad(LoginPageClass.java:102)
at DemoTestJourney.LoginPageClass.waitForPageToLoad(LoginPageClass.java:102)
at DemoTestJourney.LoginPageClass.waitForPageToLoad(LoginPageClass.java:102)
at DemoTestJourney.LoginPageClass.waitForPageToLoad(LoginPageClass.java:102)
at DemoTestJourney.LoginPageClass.waitForPageToLoad(LoginPageClass.java:102)
at DemoTestJourney.LoginPageClass.waitForPageToLoad(LoginPageClass.java:102)
at DemoTestJourney.LoginPageClass.waitForPageToLoad(LoginPageClass.java:102)
at DemoTestJourney.LoginPageClass.waitForPageToLoad(LoginPageClass.java:102)
at DemoTestJourney.LoginPageClass.waitForPageToLoad(LoginPageClass.java:102)
at DemoTestJourney.LoginPageClass.waitForPageToLoad(LoginPageClass.java:102)
at DemoTestJourney.LoginPageClass.waitForPageToLoad(LoginPageClass.java:102)
at DemoTestJourney.LoginPageClass.waitForPageToLoad(LoginPageClass.java:102)
at DemoTestJourney.LoginPageClass.waitForPageToLoad(LoginPageClass.java:102)
at DemoTestJourney.LoginPageClass.waitForPageToLoad(LoginPageClass.java:102)
at DemoTestJourney.LoginPageClass.waitForPageToLoad(LoginPageClass.java:102)
at DemoTestJourney.LoginPageClass.waitForPageToLoad(LoginPageClass.java:102)
at DemoTestJourney.LoginPageClass.waitForPageToLoad(LoginPageClass.java:102)
at DemoTestJourney.LoginPageClass.waitForPageToLoad(LoginPageClass.java:102)
at DemoTestJourney.LoginPageClass.waitForPageToLoad(LoginPageClass.java:102)
at DemoTestJourney.LoginPageClass.waitForPageToLoad(LoginPageClass.java:102)
at DemoTestJourney.LoginPageClass.waitForPageToLoad(LoginPageClass.java:102)
at DemoTestJourney.LoginPageClass.waitForPageToLoad(LoginPageClass.java:102)
at DemoTestJourney.LoginPageClass.waitForPageToLoad(LoginPageClass.java:102)
at DemoTestJourney.LoginPageClass.waitForPageToLoad(LoginPageClass.java:102)
at DemoTestJourney.LoginPageClass.waitForPageToLoad(LoginPageClass.java:102)
at DemoTestJourney.LoginPageClass.waitForPageToLoad(LoginPageClass.java:102)
at DemoTestJourney.LoginPageClass.waitForPageToLoad(LoginPageClass.java:102)
at DemoTestJourney.LoginPageClass.waitForPageToLoad(LoginPageClass.java:102)
at DemoTestJourney.LoginPageClass.waitForPageToLoad(LoginPageClass.java:102)
at DemoTestJourney.LoginPageClass.waitForPageToLoad(LoginPageClass.java:102)
at DemoTestJourney.LoginPageClass.waitForPageToLoad(LoginPageClass.java:102)
at DemoTestJourney.LoginPageClass.waitForPageToLoad(LoginPageClass.java:102)
at DemoTestJourney.LoginPageClass.waitForPageToLoad(LoginPageClass.java:102)
at DemoTestJourney.LoginPageClass.waitForPageToLoad(LoginPageClass.java:102)
at DemoTestJourney.LoginPageClass.waitForPageToLoad(LoginPageClass.java:102)
at DemoTestJourney.LoginPageClass.waitForPageToLoad(LoginPageClass.java:102)
at DemoTestJourney.LoginPageClass.waitForPageToLoad(LoginPageClass.java:102)
at DemoTestJourney.LoginPageClass.waitForPageToLoad(LoginPageClass.java:102)
at DemoTestJourney.LoginPageClass.waitForPageToLoad(LoginPageClass.java:102)
at DemoTestJourney.LoginPageClass.waitForPageToLoad(LoginPageClass.java:102)
at DemoTestJourney.LoginPageClass.waitForPageToLoad(LoginPageClass.java:102)
at DemoTestJourney.LoginPageClass.waitForPageToLoad(LoginPageClass.java:102)
at DemoTestJourney.LoginPageClass.waitForPageToLoad(LoginPageClass.java:102)
at DemoTestJourney.LoginPageClass.waitForPageToLoad(LoginPageClass.java:102)
at DemoTestJourney.LoginPageClass.waitForPageToLoad(LoginPageClass.java:102)
at DemoTestJourney.LoginPageClass.waitForPageToLoad(LoginPageClass.java:102)
at DemoTestJourney.LoginPageClass.waitForPageToLoad(LoginPageClass.java:102)
at DemoTestJourney.LoginPageClass.waitForPageToLoad(LoginPageClass.java:102)
at DemoTestJourney.LoginPageClass.waitForPageToLoad(LoginPageClass.java:102)
at DemoTestJourney.LoginPageClass.waitForPageToLoad(LoginPageClass.java:102)
at DemoTestJourney.LoginPageClass.waitForPageToLoad(LoginPageClass.java:102)
at DemoTestJourney.LoginPageClass.waitForPageToLoad(LoginPageClass.java:102)
at DemoTestJourney.LoginPageClass.waitForPageToLoad(LoginPageClass.java:102)
at DemoTestJourney.LoginPageClass.waitForPageToLoad(LoginPageClass.java:102)
at DemoTestJourney.LoginPageClass.waitForPageToLoad(LoginPageClass.java:102)
at DemoTestJourney.LoginPageClass.waitForPageToLoad(LoginPageClass.java:102)
at DemoTestJourney.LoginPageClass.waitForPageToLoad(LoginPageClass.java:102)
at DemoTestJourney.LoginPageClass.waitForPageToLoad(LoginPageClass.java:102)
at DemoTestJourney.LoginPageClass.waitForPageToLoad(LoginPageClass.java:102)
at DemoTestJourney.LoginPageClass.waitForPageToLoad(LoginPageClass.java:102)
at DemoTestJourney.LoginPageClass.waitForPageToLoad(LoginPageClass.java:102)
at DemoTestJourney.LoginPageClass.waitForPageToLoad(LoginPageClass.java:102)
at DemoTestJourney.LoginPageClass.waitForPageToLoad(LoginPageClass.java:102)
at DemoTestJourney.LoginPageClass.waitForPageToLoad(LoginPageClass.java:102)
at DemoTestJourney.LoginPageClass.waitForPageToLoad(LoginPageClass.java:102)
at DemoTestJourney.LoginPageClass.waitForPageToLoad(LoginPageClass.java:102)
at DemoTestJourney.LoginPageClass.waitForPageToLoad(LoginPageClass.java:102)
at DemoTestJourney.LoginPageClass.waitForPageToLoad(LoginPageClass.java:102)
at DemoTestJourney.LoginPageClass.waitForPageToLoad(LoginPageClass.java:102)
at DemoTestJourney.LoginPageClass.waitForPageToLoad(LoginPageClass.java:102)
at DemoTestJourney.LoginPageClass.waitForPageToLoad(LoginPageClass.java:102)
at DemoTestJourney.LoginPageClass.waitForPageToLoad(LoginPageClass.java:102)
at DemoTestJourney.LoginPageClass.waitForPageToLoad(LoginPageClass.java:102)
at DemoTestJourney.LoginPageClass.waitForPageToLoad(LoginPageClass.java:102)
at DemoTestJourney.LoginPageClass.waitForPageToLoad(LoginPageClass.java:102)
at DemoTestJourney.LoginPageClass.waitForPageToLoad(LoginPageClass.java:102)
at DemoTestJourney.LoginPageClass.waitForPageToLoad(LoginPageClass.java:102)
at DemoTestJourney.LoginPageClass.waitForPageToLoad(LoginPageClass.java:102)
at DemoTestJourney.LoginPageClass.waitForPageToLoad(LoginPageClass.java:102)
at DemoTestJourney.LoginPageClass.waitForPageToLoad(LoginPageClass.java:102)
at DemoTestJourney.LoginPageClass.waitForPageToLoad(LoginPageClass.java:102)
at DemoTestJourney.LoginPageClass.waitForPageToLoad(LoginPageClass.java:102)
at DemoTestJourney.LoginPageClass.waitForPageToLoad(LoginPageClass.java:102)
at DemoTestJourney.LoginPageClass.waitForPageToLoad(LoginPageClass.java:102)
at DemoTestJourney.LoginPageClass.waitForPageToLoad(LoginPageClass.java:102)
at DemoTestJourney.LoginPageClass.waitForPageToLoad(LoginPageClass.java:102)
at DemoTestJourney.LoginPageClass.waitForPageToLoad(LoginPageClass.java:102)
at DemoTestJourney.LoginPageClass.waitForPageToLoad(LoginPageClass.java:102)
at DemoTestJourney.LoginPageClass.waitForPageToLoad(LoginPageClass.java:102)
at DemoTestJourney.LoginPageClass.waitForPageToLoad(LoginPageClass.java:102)
at DemoTestJourney.LoginPageClass.waitForPageToLoad(LoginPageClass.java:102)
at DemoTestJourney.LoginPageClass.waitForPageToLoad(LoginPageClass.java:102)
at DemoTestJourney.LoginPageClass.waitForPageToLoad(LoginPageClass.java:102)
at DemoTestJourney.LoginPageClass.waitForPageToLoad(LoginPageClass.java:102)
at DemoTestJourney.LoginPageClass.waitForPageToLoad(LoginPageClass.java:102)
at DemoTestJourney.LoginPageClass.waitForPageToLoad(LoginPageClass.java:102)
at DemoTestJourney.LoginPageClass.waitForPageToLoad(LoginPageClass.java:102)
at DemoTestJourney.LoginPageClass.waitForPageToLoad(LoginPageClass.java:102)
at DemoTestJourney.LoginPageClass.waitForPageToLoad(LoginPageClass.java:102)
at DemoTestJourney.LoginPageClass.waitForPageToLoad(LoginPageClass.java:102)
at DemoTestJourney.LoginPageClass.waitForPageToLoad(LoginPageClass.java:102)
at DemoTestJourney.LoginPageClass.waitForPageToLoad(LoginPageClass.java:102)
at DemoTestJourney.LoginPageClass.waitForPageToLoad(LoginPageClass.java:102)
at DemoTestJourney.LoginPageClass.waitForPageToLoad(LoginPageClass.java:102)
at DemoTestJourney.LoginPageClass.waitForPageToLoad(LoginPageClass.java:102)
at DemoTestJourney.LoginPageClass.waitForPageToLoad(LoginPageClass.java:102)
at DemoTestJourney.LoginPageClass.waitForPageToLoad(LoginPageClass.java:102)
at DemoTestJourney.LoginPageClass.waitForPageToLoad(LoginPageClass.java:102)
at DemoTestJourney.LoginPageClass.waitForPageToLoad(LoginPageClass.java:102)
at DemoTestJourney.LoginPageClass.waitForPageToLoad(LoginPageClass.java:102)
at DemoTestJourney.LoginPageClass.waitForPageToLoad(LoginPageClass.java:102)
at DemoTestJourney.LoginPageClass.waitForPageToLoad(LoginPageClass.java:102)
at DemoTestJourney.LoginPageClass.waitForPageToLoad(LoginPageClass.java:102)
at DemoTestJourney.LoginPageClass.waitForPageToLoad(LoginPageClass.java:102)
at DemoTestJourney.LoginPageClass.waitForPageToLoad(LoginPageClass.java:102)
at DemoTestJourney.LoginPageClass.waitForPageToLoad(LoginPageClass.java:102)
at DemoTestJourney.LoginPageClass.waitForPageToLoad(LoginPageClass.java:102)
at DemoTestJourney.LoginPageClass.waitForPageToLoad(LoginPageClass.java:102)
at DemoTestJourney.LoginPageClass.waitForPageToLoad(LoginPageClass.java:102)
at DemoTestJourney.LoginPageClass.waitForPageToLoad(LoginPageClass.java:102)
at DemoTestJourney.LoginPageClass.waitForPageToLoad(LoginPageClass.java:102)
at DemoTestJourney.LoginPageClass.waitForPageToLoad(LoginPageClass.java:102)
at DemoTestJourney.LoginPageClass.waitForPageToLoad(LoginPageClass.java:102)
at DemoTestJourney.LoginPageClass.waitForPageToLoad(LoginPageClass.java:102)
at DemoTestJourney.LoginPageClass.waitForPageToLoad(LoginPageClass.java:102)
at DemoTestJourney.LoginPageClass.waitForPageToLoad(LoginPageClass.java:102)
at DemoTestJourney.LoginPageClass.waitForPageToLoad(LoginPageClass.java:102)
at DemoTestJourney.LoginPageClass.waitForPageToLoad(LoginPageClass.java:102)
at DemoTestJourney.LoginPageClass.waitForPageToLoad(LoginPageClass.java:102)
at DemoTestJourney.LoginPageClass.waitForPageToLoad(LoginPageClass.java:102)
at DemoTestJourney.LoginPageClass.waitForPageToLoad(LoginPageClass.java:102)
at DemoTestJourney.LoginPageClass.waitForPageToLoad(LoginPageClass.java:102)
at DemoTestJourney.LoginPageClass.waitForPageToLoad(LoginPageClass.java:102)
at DemoTestJourney.LoginPageClass.waitForPageToLoad(LoginPageClass.java:102)
at DemoTestJourney.LoginPageClass.waitForPageToLoad(LoginPageClass.java:102)
at DemoTestJourney.LoginPageClass.waitForPageToLoad(LoginPageClass.java:102)
at DemoTestJourney.LoginPageClass.waitForPageToLoad(LoginPageClass.java:102)
at DemoTestJourney.LoginPageClass.waitForPageToLoad(LoginPageClass.java:102)
at DemoTestJourney.LoginPageClass.waitForPageToLoad(LoginPageClass.java:102)
at DemoTestJourney.LoginPageClass.waitForPageToLoad(LoginPageClass.java:102)
at DemoTestJourney.LoginPageClass.waitForPageToLoad(LoginPageClass.java:102)
at DemoTestJourney.LoginPageClass.waitForPageToLoad(LoginPageClass.java:102)
at DemoTestJourney.LoginPageClass.waitForPageToLoad(LoginPageClass.java:102)
at DemoTestJourney.LoginPageClass.waitForPageToLoad(LoginPageClass.java:102)
at DemoTestJourney.LoginPageClass.waitForPageToLoad(LoginPageClass.java:102)
at DemoTestJourney.LoginPageClass.waitForPageToLoad(LoginPageClass.java:102)
at DemoTestJourney.LoginPageClass.waitForPageToLoad(LoginPageClass.java:102)
at DemoTestJourney.LoginPageClass.waitForPageToLoad(LoginPageClass.java:102)
at DemoTestJourney.LoginPageClass.waitForPageToLoad(LoginPageClass.java:102)
at DemoTestJourney.LoginPageClass.waitForPageToLoad(LoginPageClass.java:102)
at DemoTestJourney.LoginPageClass.waitForPageToLoad(LoginPageClass.java:102)
at DemoTestJourney.LoginPageClass.waitForPageToLoad(LoginPageClass.java:102)
at DemoTestJourney.LoginPageClass.waitForPageToLoad(LoginPageClass.java:102)
at DemoTestJourney.LoginPageClass.waitForPageToLoad(LoginPageClass.java:102)
at DemoTestJourney.LoginPageClass.waitForPageToLoad(LoginPageClass.java:102)
at DemoTestJourney.LoginPageClass.waitForPageToLoad(LoginPageClass.java:102)
at DemoTestJourney.LoginPageClass.waitForPageToLoad(LoginPageClass.java:102)
at DemoTestJourney.LoginPageClass.waitForPageToLoad(LoginPageClass.java:102)
at DemoTestJourney.LoginPageClass.waitForPageToLoad(LoginPageClass.java:102)
at DemoTestJourney.LoginPageClass.waitForPageToLoad(LoginPageClass.java:102)
at DemoTestJourney.LoginPageClass.waitForPageToLoad(LoginPageClass.java:102)
at DemoTestJourney.LoginPageClass.waitForPageToLoad(LoginPageClass.java:102)
at DemoTestJourney.LoginPageClass.waitForPageToLoad(LoginPageClass.java:102)
at DemoTestJourney.LoginPageClass.waitForPageToLoad(LoginPageClass.java:102)
at DemoTestJourney.LoginPageClass.waitForPageToLoad(LoginPageClass.java:102)
at DemoTestJourney.LoginPageClass.waitForPageToLoad(LoginPageClass.java:102)
at DemoTestJourney.LoginPageClass.waitForPageToLoad(LoginPageClass.java:102)
at DemoTestJourney.LoginPageClass.waitForPageToLoad(LoginPageClass.java:102)
at DemoTestJourney.LoginPageClass.waitForPageToLoad(LoginPageClass.java:102)
at DemoTestJourney.LoginPageClass.waitForPageToLoad(LoginPageClass.java:102)
at DemoTestJourney.LoginPageClass.waitForPageToLoad(LoginPageClass.java:102)
at DemoTestJourney.LoginPageClass.waitForPageToLoad(LoginPageClass.java:102)
at DemoTestJourney.LoginPageClass.waitForPageToLoad(LoginPageClass.java:102)
at DemoTestJourney.LoginPageClass.waitForPageToLoad(LoginPageClass.java:102)
at DemoTestJourney.LoginPageClass.waitForPageToLoad(LoginPageClass.java:102)
at DemoTestJourney.LoginPageClass.waitForPageToLoad(LoginPageClass.java:102)
at DemoTestJourney.LoginPageClass.waitForPageToLoad(LoginPageClass.java:102)
at DemoTestJourney.LoginPageClass.waitForPageToLoad(LoginPageClass.java:102)
at DemoTestJourney.LoginPageClass.waitForPageToLoad(LoginPageClass.java:102)
at DemoTestJourney.LoginPageClass.waitForPageToLoad(LoginPageClass.java:102)
at DemoTestJourney.LoginPageClass.waitForPageToLoad(LoginPageClass.java:102)
at DemoTestJourney.LoginPageClass.waitForPageToLoad(LoginPageClass.java:102)
at DemoTestJourney.LoginPageClass.waitForPageToLoad(LoginPageClass.java:102)
at DemoTestJourney.LoginPageClass.waitForPageToLoad(LoginPageClass.java:102)
at DemoTestJourney.LoginPageClass.waitForPageToLoad(LoginPageClass.java:102)
at DemoTestJourney.LoginPageClass.waitForPageToLoad(LoginPageClass.java:102)
at DemoTestJourney.LoginPageClass.waitForPageToLoad(LoginPageClass.java:102)
at DemoTestJourney.LoginPageClass.waitForPageToLoad(LoginPageClass.java:102)
at DemoTestJourney.LoginPageClass.waitForPageToLoad(LoginPageClass.java:102)
at DemoTestJourney.LoginPageClass.waitForPageToLoad(LoginPageClass.java:102)
at DemoTestJourney.LoginPageClass.waitForPageToLoad(LoginPageClass.java:102)
at DemoTestJourney.LoginPageClass.waitForPageToLoad(LoginPageClass.java:102)
at DemoTestJourney.LoginPageClass.waitForPageToLoad(LoginPageClass.java:102)
at DemoTestJourney.LoginPageClass.waitForPageToLoad(LoginPageClass.java:102)
at DemoTestJourney.LoginPageClass.waitForPageToLoad(LoginPageClass.java:102)
at DemoTestJourney.LoginPageClass.waitForPageToLoad(LoginPageClass.java:102)
at DemoTestJourney.LoginPageClass.waitForPageToLoad(LoginPageClass.java:102)
at DemoTestJourney.LoginPageClass.waitForPageToLoad(LoginPageClass.java:102)
at DemoTestJourney.LoginPageClass.waitForPageToLoad(LoginPageClass.java:102)
at DemoTestJourney.LoginPageClass.waitForPageToLoad(LoginPageClass.java:102)
at DemoTestJourney.LoginPageClass.waitForPageToLoad(LoginPageClass.java:102)
at DemoTestJourney.LoginPageClass.waitForPageToLoad(LoginPageClass.java:102)
at DemoTestJourney.LoginPageClass.waitForPageToLoad(LoginPageClass.java:102)
at DemoTestJourney.LoginPageClass.waitForPageToLoad(LoginPageClass.java:102)
at DemoTestJourney.LoginPageClass.waitForPageToLoad(LoginPageClass.java:102)
at DemoTestJourney.LoginPageClass.waitForPageToLoad(LoginPageClass.java:102)
at DemoTestJourney.LoginPageClass.waitForPageToLoad(LoginPageClass.java:102)
at DemoTestJourney.LoginPageClass.waitForPageToLoad(LoginPageClass.java:102)
at DemoTestJourney.LoginPageClass.waitForPageToLoad(LoginPageClass.java:102)
at DemoTestJourney.LoginPageClass.waitForPageToLoad(LoginPageClass.java:102)
at DemoTestJourney.LoginPageClass.waitForPageToLoad(LoginPageClass.java:102)
at DemoTestJourney.LoginPageClass.waitForPageToLoad(LoginPageClass.java:102)
at DemoTestJourney.LoginPageClass.waitForPageToLoad(LoginPageClass.java:102)
at DemoTestJourney.LoginPageClass.waitForPageToLoad(LoginPageClass.java:102)
at DemoTestJourney.LoginPageClass.waitForPageToLoad(LoginPageClass.java:102)
at DemoTestJourney.LoginPageClass.waitForPageToLoad(LoginPageClass.java:102)
at DemoTestJourney.LoginPageClass.waitForPageToLoad(LoginPageClass.java:102)
at DemoTestJourney.LoginPageClass.waitForPageToLoad(LoginPageClass.java:102)
at DemoTestJourney.LoginPageClass.waitForPageToLoad(LoginPageClass.java:102)
at DemoTestJourney.LoginPageClass.waitForPageToLoad(LoginPageClass.java:102)
at DemoTestJourney.LoginPageClass.waitForPageToLoad(LoginPageClass.java:102)
at DemoTestJourney.LoginPageClass.waitForPageToLoad(LoginPageClass.java:102)
at DemoTestJourney.LoginPageClass.waitForPageToLoad(LoginPageClass.java:102)
at DemoTestJourney.LoginPageClass.waitForPageToLoad(LoginPageClass.java:102)
at DemoTestJourney.LoginPageClass.waitForPageToLoad(LoginPageClass.java:102)
at DemoTestJourney.LoginPageClass.waitForPageToLoad(LoginPageClass.java:102)
at DemoTestJourney.LoginPageClass.waitForPageToLoad(LoginPageClass.java:102)
at DemoTestJourney.LoginPageClass.waitForPageToLoad(LoginPageClass.java:102)
at DemoTestJourney.LoginPageClass.waitForPageToLoad(LoginPageClass.java:102)
at DemoTestJourney.LoginPageClass.waitForPageToLoad(LoginPageClass.java:102)
at DemoTestJourney.LoginPageClass.waitForPageToLoad(LoginPageClass.java:102)
at DemoTestJourney.LoginPageClass.waitForPageToLoad(LoginPageClass.java:102)
at DemoTestJourney.LoginPageClass.waitForPageToLoad(LoginPageClass.java:102)
at DemoTestJourney.LoginPageClass.waitForPageToLoad(LoginPageClass.java:102)
at DemoTestJourney.LoginPageClass.waitForPageToLoad(LoginPageClass.java:102)
at DemoTestJourney.LoginPageClass.waitForPageToLoad(LoginPageClass.java:102)
at DemoTestJourney.LoginPageClass.waitForPageToLoad(LoginPageClass.java:102)
at DemoTestJourney.LoginPageClass.waitForPageToLoad(LoginPageClass.java:102)
at DemoTestJourney.LoginPageClass.waitForPageToLoad(LoginPageClass.java:102)
at DemoTestJourney.LoginPageClass.waitForPageToLoad(LoginPageClass.java:102)
at DemoTestJourney.LoginPageClass.waitForPageToLoad(LoginPageClass.java:102)
at DemoTestJourney.LoginPageClass.waitForPageToLoad(LoginPageClass.java:102)
at DemoTestJourney.LoginPageClass.waitForPageToLoad(LoginPageClass.java:102)
at DemoTestJourney.LoginPageClass.waitForPageToLoad(LoginPageClass.java:102)
at DemoTestJourney.LoginPageClass.waitForPageToLoad(LoginPageClass.java:102)
at DemoTestJourney.LoginPageClass.waitForPageToLoad(LoginPageClass.java:102)
at DemoTestJourney.LoginPageClass.waitForPageToLoad(LoginPageClass.java:102)
at DemoTestJourney.LoginPageClass.waitForPageToLoad(LoginPageClass.java:102)
at DemoTestJourney.LoginPageClass.waitForPageToLoad(LoginPageClass.java:102)
at DemoTestJourney.LoginPageClass.waitForPageToLoad(LoginPageClass.java:102)
at DemoTestJourney.LoginPageClass.waitForPageToLoad(LoginPageClass.java:102)
at DemoTestJourney.LoginPageClass.waitForPageToLoad(LoginPageClass.java:102)
at DemoTestJourney.LoginPageClass.waitForPageToLoad(LoginPageClass.java:102)
at DemoTestJourney.LoginPageClass.waitForPageToLoad(LoginPageClass.java:102)
at DemoTestJourney.LoginPageClass.waitForPageToLoad(LoginPageClass.java:102)
at DemoTestJourney.LoginPageClass.waitForPageToLoad(LoginPageClass.java:102)
at DemoTestJourney.LoginPageClass.waitForPageToLoad(LoginPageClass.java:102)
at DemoTestJourney.LoginPageClass.waitForPageToLoad(LoginPageClass.java:102)
at DemoTestJourney.LoginPageClass.waitForPageToLoad(LoginPageClass.java:102)
at DemoTestJourney.LoginPageClass.waitForPageToLoad(LoginPageClass.java:102)
at DemoTestJourney.LoginPageClass.waitForPageToLoad(LoginPageClass.java:102)
at DemoTestJourney.LoginPageClass.waitForPageToLoad(LoginPageClass.java:102)
at DemoTestJourney.LoginPageClass.waitForPageToLoad(LoginPageClass.java:102)
at DemoTestJourney.LoginPageClass.waitForPageToLoad(LoginPageClass.java:102)
at DemoTestJourney.LoginPageClass.waitForPageToLoad(LoginPageClass.java:102)
at DemoTestJourney.LoginPageClass.waitForPageToLoad(LoginPageClass.java:102)
at DemoTestJourney.LoginPageClass.waitForPageToLoad(LoginPageClass.java:102)
at DemoTestJourney.LoginPageClass.waitForPageToLoad(LoginPageClass.java:102)
at DemoTestJourney.LoginPageClass.waitForPageToLoad(LoginPageClass.java:102)
at DemoTestJourney.LoginPageClass.waitForPageToLoad(LoginPageClass.java:102)
at DemoTestJourney.LoginPageClass.waitForPageToLoad(LoginPageClass.java:102)
at DemoTestJourney.LoginPageClass.waitForPageToLoad(LoginPageClass.java:102)
at DemoTestJourney.LoginPageClass.waitForPageToLoad(LoginPageClass.java:102)
at DemoTestJourney.LoginPageClass.waitForPageToLoad(LoginPageClass.java:102)
at DemoTestJourney.LoginPageClass.waitForPageToLoad(LoginPageClass.java:102)
at DemoTestJourney.LoginPageClass.waitForPageToLoad(LoginPageClass.java:102)
at DemoTestJourney.LoginPageClass.waitForPageToLoad(LoginPageClass.java:102)
at DemoTestJourney.LoginPageClass.waitForPageToLoad(LoginPageClass.java:102)
at DemoTestJourney.LoginPageClass.waitForPageToLoad(LoginPageClass.java:102)
at DemoTestJourney.LoginPageClass.waitForPageToLoad(LoginPageClass.java:102)
at DemoTestJourney.LoginPageClass.waitForPageToLoad(LoginPageClass.java:102)
at DemoTestJourney.LoginPageClass.waitForPageToLoad(LoginPageClass.java:102)
at DemoTestJourney.LoginPageClass.waitForPageToLoad(LoginPageClass.java:102)
at DemoTestJourney.LoginPageClass.waitForPageToLoad(LoginPageClass.java:102)
at DemoTestJourney.LoginPageClass.waitForPageToLoad(LoginPageClass.java:102)
at DemoTestJourney.LoginPageClass.waitForPageToLoad(LoginPageClass.java:102)
at DemoTestJourney.LoginPageClass.waitForPageToLoad(LoginPageClass.java:102)
at DemoTestJourney.LoginPageClass.waitForPageToLoad(LoginPageClass.java:102)
at DemoTestJourney.LoginPageClass.waitForPageToLoad(LoginPageClass.java:102)
at DemoTestJourney.LoginPageClass.waitForPageToLoad(LoginPageClass.java:102)
at DemoTestJourney.LoginPageClass.waitForPageToLoad(LoginPageClass.java:102)
at DemoTestJourney.LoginPageClass.waitForPageToLoad(LoginPageClass.java:102)
at DemoTestJourney.LoginPageClass.waitForPageToLoad(LoginPageClass.java:102)
at DemoTestJourney.LoginPageClass.waitForPageToLoad(LoginPageClass.java:102)
at DemoTestJourney.LoginPageClass.waitForPageToLoad(LoginPageClass.java:102)
at DemoTestJourney.LoginPageClass.waitForPageToLoad(LoginPageClass.java:102)
at DemoTestJourney.LoginPageClass.waitForPageToLoad(LoginPageClass.java:102)
at DemoTestJourney.LoginPageClass.waitForPageToLoad(LoginPageClass.java:102)
at DemoTestJourney.LoginPageClass.waitForPageToLoad(LoginPageClass.java:102)
at DemoTestJourney.LoginPageClass.waitForPageToLoad(LoginPageClass.java:102)
at DemoTestJourney.LoginPageClass.waitForPageToLoad(LoginPageClass.java:102)
at DemoTestJourney.LoginPageClass.waitForPageToLoad(LoginPageClass.java:102)
at DemoTestJourney.LoginPageClass.waitForPageToLoad(LoginPageClass.java:102)
at DemoTestJourney.LoginPageClass.waitForPageToLoad(LoginPageClass.java:102)
at DemoTestJourney.LoginPageClass.waitForPageToLoad(LoginPageClass.java:102)
at DemoTestJourney.LoginPageClass.waitForPageToLoad(LoginPageClass.java:102)
at DemoTestJourney.LoginPageClass.waitForPageToLoad(LoginPageClass.java:102)
at DemoTestJourney.LoginPageClass.waitForPageToLoad(LoginPageClass.java:102)
at DemoTestJourney.LoginPageClass.waitForPageToLoad(LoginPageClass.java:102)
at DemoTestJourney.LoginPageClass.waitForPageToLoad(LoginPageClass.java:102)
at DemoTestJourney.LoginPageClass.waitForPageToLoad(LoginPageClass.java:102)
at DemoTestJourney.LoginPageClass.waitForPageToLoad(LoginPageClass.java:102)
at DemoTestJourney.LoginPageClass.waitForPageToLoad(LoginPageClass.java:102)
at DemoTestJourney.LoginPageClass.waitForPageToLoad(LoginPageClass.java:102)
at DemoTestJourney.LoginPageClass.waitForPageToLoad(LoginPageClass.java:102)
at DemoTestJourney.LoginPageClass.waitForPageToLoad(LoginPageClass.java:102)
at DemoTestJourney.LoginPageClass.waitForPageToLoad(LoginPageClass.java:102)
at DemoTestJourney.LoginPageClass.waitForPageToLoad(LoginPageClass.java:102)
at DemoTestJourney.LoginPageClass.waitForPageToLoad(LoginPageClass.java:102)
at DemoTestJourney.LoginPageClass.waitForPageToLoad(LoginPageClass.java:102)
at DemoTestJourney.LoginPageClass.waitForPageToLoad(LoginPageClass.java:102)
at DemoTestJourney.LoginPageClass.waitForPageToLoad(LoginPageClass.java:102)
at DemoTestJourney.LoginPageClass.waitForPageToLoad(LoginPageClass.java:102)
at DemoTestJourney.LoginPageClass.waitForPageToLoad(LoginPageClass.java:102)
at DemoTestJourney.LoginPageClass.waitForPageToLoad(LoginPageClass.java:102)
at DemoTestJourney.LoginPageClass.waitForPageToLoad(LoginPageClass.java:102)
at DemoTestJourney.LoginPageClass.waitForPageToLoad(LoginPageClass.java:102)
at DemoTestJourney.LoginPageClass.waitForPageToLoad(LoginPageClass.java:102)
at DemoTestJourney.LoginPageClass.waitForPageToLoad(LoginPageClass.java:102)
at DemoTestJourney.LoginPageClass.waitForPageToLoad(LoginPageClass.java:102)
at DemoTestJourney.LoginPageClass.waitForPageToLoad(LoginPageClass.java:102)
at DemoTestJourney.LoginPageClass.waitForPageToLoad(LoginPageClass.java:102)
at DemoTestJourney.LoginPageClass.waitForPageToLoad(LoginPageClass.java:102)
at DemoTestJourney.LoginPageClass.waitForPageToLoad(LoginPageClass.java:102)
at DemoTestJourney.LoginPageClass.waitForPageToLoad(LoginPageClass.java:102)
at DemoTestJourney.LoginPageClass.waitForPageToLoad(LoginPageClass.java:102)
at DemoTestJourney.LoginPageClass.waitForPageToLoad(LoginPageClass.java:102)
at DemoTestJourney.LoginPageClass.waitForPageToLoad(LoginPageClass.java:102)
at DemoTestJourney.LoginPageClass.waitForPageToLoad(LoginPageClass.java:102)
at DemoTestJourney.LoginPageClass.waitForPageToLoad(LoginPageClass.java:102)
at DemoTestJourney.LoginPageClass.waitForPageToLoad(LoginPageClass.java:102)
at DemoTestJourney.LoginPageClass.waitForPageToLoad(LoginPageClass.java:102)
at DemoTestJourney.LoginPageClass.waitForPageToLoad(LoginPageClass.java:102)
at DemoTestJourney.LoginPageClass.waitForPageToLoad(LoginPageClass.java:102)
at DemoTestJourney.LoginPageClass.waitForPageToLoad(LoginPageClass.java:102)
at DemoTestJourney.LoginPageClass.waitForPageToLoad(LoginPageClass.java:102)
at DemoTestJourney.LoginPageClass.waitForPageToLoad(LoginPageClass.java:102)
at DemoTestJourney.LoginPageClass.waitForPageToLoad(LoginPageClass.java:102)
at DemoTestJourney.LoginPageClass.waitForPageToLoad(LoginPageClass.java:102)
at DemoTestJourney.LoginPageClass.waitForPageToLoad(LoginPageClass.java:102)
at DemoTestJourney.LoginPageClass.waitForPageToLoad(LoginPageClass.java:102)
at DemoTestJourney.LoginPageClass.waitForPageToLoad(LoginPageClass.java:102)
at DemoTestJourney.LoginPageClass.waitForPageToLoad(LoginPageClass.java:102)
at DemoTestJourney.LoginPageClass.waitForPageToLoad(LoginPageClass.java:102)
at DemoTestJourney.LoginPageClass.waitForPageToLoad(LoginPageClass.java:102)
at DemoTestJourney.LoginPageClass.waitForPageToLoad(LoginPageClass.java:102)
at DemoTestJourney.LoginPageClass.waitForPageToLoad(LoginPageClass.java:102)
at DemoTestJourney.LoginPageClass.waitForPageToLoad(LoginPageClass.java:102)
at DemoTestJourney.LoginPageClass.waitForPageToLoad(LoginPageClass.java:102)
at DemoTestJourney.LoginPageClass.waitForPageToLoad(LoginPageClass.java:102)
at DemoTestJourney.LoginPageClass.waitForPageToLoad(LoginPageClass.java:102)
at DemoTestJourney.LoginPageClass.waitForPageToLoad(LoginPageClass.java:102)
at DemoTestJourney.LoginPageClass.waitForPageToLoad(LoginPageClass.java:102)
at DemoTestJourney.LoginPageClass.waitForPageToLoad(LoginPageClass.java:102)
at DemoTestJourney.LoginPageClass.waitForPageToLoad(LoginPageClass.java:102)
at DemoTestJourney.LoginPageClass.waitForPageToLoad(LoginPageClass.java:102)
at DemoTestJourney.LoginPageClass.waitForPageToLoad(LoginPageClass.java:102)
at DemoTestJourney.LoginPageClass.waitForPageToLoad(LoginPageClass.java:102)
at DemoTestJourney.LoginPageClass.waitForPageToLoad(LoginPageClass.java:102)
at DemoTestJourney.LoginPageClass.waitForPageToLoad(LoginPageClass.java:102)
at DemoTestJourney.LoginPageClass.waitForPageToLoad(LoginPageClass.java:102)
at DemoTestJourney.LoginPageClass.waitForPageToLoad(LoginPageClass.java:102)
at DemoTestJourney.LoginPageClass.waitForPageToLoad(LoginPageClass.java:102)
at DemoTestJourney.LoginPageClass.waitForPageToLoad(LoginPageClass.java:102)
at DemoTestJourney.LoginPageClass.waitForPageToLoad(LoginPageClass.java:102)
at DemoTestJourney.LoginPageClass.waitForPageToLoad(LoginPageClass.java:102)
at DemoTestJourney.LoginPageClass.waitForPageToLoad(LoginPageClass.java:102)
at DemoTestJourney.LoginPageClass.waitForPageToLoad(LoginPageClass.java:102)
at DemoTestJourney.LoginPageClass.waitForPageToLoad(LoginPageClass.java:102)
at DemoTestJourney.LoginPageClass.waitForPageToLoad(LoginPageClass.java:102)
at DemoTestJourney.LoginPageClass.waitForPageToLoad(LoginPageClass.java:102)
at DemoTestJourney.LoginPageClass.waitForPageToLoad(LoginPageClass.java:102)
at DemoTestJourney.LoginPageClass.waitForPageToLoad(LoginPageClass.java:102)
at DemoTestJourney.LoginPageClass.waitForPageToLoad(LoginPageClass.java:102)
at DemoTestJourney.LoginPageClass.waitForPageToLoad(LoginPageClass.java:102)
at DemoTestJourney.LoginPageClass.waitForPageToLoad(LoginPageClass.java:102)
at DemoTestJourney.LoginPageClass.waitForPageToLoad(LoginPageClass.java:102)
at DemoTestJourney.LoginPageClass.waitForPageToLoad(LoginPageClass.java:102)
at DemoTestJourney.LoginPageClass.waitForPageToLoad(LoginPageClass.java:102)
at DemoTestJourney.LoginPageClass.waitForPageToLoad(LoginPageClass.java:102)
at DemoTestJourney.LoginPageClass.waitForPageToLoad(LoginPageClass.java:102)
at DemoTestJourney.LoginPageClass.waitForPageToLoad(LoginPageClass.java:102)
at DemoTestJourney.LoginPageClass.waitForPageToLoad(LoginPageClass.java:102)
at DemoTestJourney.LoginPageClass.waitForPageToLoad(LoginPageClass.java:102)
at DemoTestJourney.LoginPageClass.waitForPageToLoad(LoginPageClass.java:102)
at DemoTestJourney.LoginPageClass.waitForPageToLoad(LoginPageClass.java:102)
at DemoTestJourney.LoginPageClass.waitForPageToLoad(LoginPageClass.java:102)
at DemoTestJourney.LoginPageClass.waitForPageToLoad(LoginPageClass.java:102)
at DemoTestJourney.LoginPageClass.waitForPageToLoad(LoginPageClass.java:102)
at DemoTestJourney.LoginPageClass.waitForPageToLoad(LoginPageClass.java:102)
at DemoTestJourney.LoginPageClass.waitForPageToLoad(LoginPageClass.java:102)
at DemoTestJourney.LoginPageClass.waitForPageToLoad(LoginPageClass.java:102)
at DemoTestJourney.LoginPageClass.waitForPageToLoad(LoginPageClass.java:102)
at DemoTestJourney.LoginPageClass.waitForPageToLoad(LoginPageClass.java:102)
at DemoTestJourney.LoginPageClass.waitForPageToLoad(LoginPageClass.java:102)
at DemoTestJourney.LoginPageClass.waitForPageToLoad(LoginPageClass.java:102)
at DemoTestJourney.LoginPageClass.waitForPageToLoad(LoginPageClass.java:102)
at DemoTestJourney.LoginPageClass.waitForPageToLoad(LoginPageClass.java:102)
at DemoTestJourney.LoginPageClass.waitForPageToLoad(LoginPageClass.java:102)
at DemoTestJourney.LoginPageClass.waitForPageToLoad(LoginPageClass.java:102)
at DemoTestJourney.LoginPageClass.waitForPageToLoad(LoginPageClass.java:102)
at DemoTestJourney.LoginPageClass.waitForPageToLoad(LoginPageClass.java:102)
at DemoTestJourney.LoginPageClass.waitForPageToLoad(LoginPageClass.java:102)
at DemoTestJourney.LoginPageClass.waitForPageToLoad(LoginPageClass.java:102)
at DemoTestJourney.LoginPageClass.waitForPageToLoad(LoginPageClass.java:102)
at DemoTestJourney.LoginPageClass.waitForPageToLoad(LoginPageClass.java:102)
at DemoTestJourney.LoginPageClass.waitForPageToLoad(LoginPageClass.java:102)
at DemoTestJourney.LoginPageClass.waitForPageToLoad(LoginPageClass.java:102)
at DemoTestJourney.LoginPageClass.waitForPageToLoad(LoginPageClass.java:102)
at DemoTestJourney.LoginPageClass.waitForPageToLoad(LoginPageClass.java:102)
at DemoTestJourney.LoginPageClass.waitForPageToLoad(LoginPageClass.java:102)
at DemoTestJourney.LoginPageClass.waitForPageToLoad(LoginPageClass.java:102)
at DemoTestJourney.LoginPageClass.waitForPageToLoad(LoginPageClass.java:102)
at DemoTestJourney.LoginPageClass.waitForPageToLoad(LoginPageClass.java:102)
at DemoTestJourney.LoginPageClass.waitForPageToLoad(LoginPageClass.java:102)
at DemoTestJourney.LoginPageClass.waitForPageToLoad(LoginPageClass.java:102)
at DemoTestJourney.LoginPageClass.waitForPageToLoad(LoginPageClass.java:102)
at DemoTestJourney.LoginPageClass.waitForPageToLoad(LoginPageClass.java:102)
at DemoTestJourney.LoginPageClass.waitForPageToLoad(LoginPageClass.java:102)
at DemoTestJourney.LoginPageClass.waitForPageToLoad(LoginPageClass.java:102)
at DemoTestJourney.LoginPageClass.waitForPageToLoad(LoginPageClass.java:102)
at DemoTestJourney.LoginPageClass.waitForPageToLoad(LoginPageClass.java:102)
at DemoTestJourney.LoginPageClass.waitForPageToLoad(LoginPageClass.java:102)
at DemoTestJourney.LoginPageClass.waitForPageToLoad(LoginPageClass.java:102)
at DemoTestJourney.LoginPageClass.waitForPageToLoad(LoginPageClass.java:102)
at DemoTestJourney.LoginPageClass.waitForPageToLoad(LoginPageClass.java:102)
at DemoTestJourney.LoginPageClass.waitForPageToLoad(LoginPageClass.java:102)
at DemoTestJourney.LoginPageClass.waitForPageToLoad(LoginPageClass.java:102)
at DemoTestJourney.LoginPageClass.waitForPageToLoad(LoginPageClass.java:102)
at DemoTestJourney.LoginPageClass.waitForPageToLoad(LoginPageClass.java:102)
at DemoTestJourney.LoginPageClass.waitForPageToLoad(LoginPageClass.java:102)
at DemoTestJourney.LoginPageClass.waitForPageToLoad(LoginPageClass.java:102)
at DemoTestJourney.LoginPageClass.waitForPageToLoad(LoginPageClass.java:102)
at DemoTestJourney.LoginPageClass.waitForPageToLoad(LoginPageClass.java:102)
at DemoTestJourney.LoginPageClass.waitForPageToLoad(LoginPageClass.java:102)
at DemoTestJourney.LoginPageClass.waitForPageToLoad(LoginPageClass.java:102)
at DemoTestJourney.LoginPageClass.waitForPageToLoad(LoginPageClass.java:102)
at DemoTestJourney.LoginPageClass.waitForPageToLoad(LoginPageClass.java:102)
at DemoTestJourney.LoginPageClass.waitForPageToLoad(LoginPageClass.java:102)
at DemoTestJourney.LoginPageClass.waitForPageToLoad(LoginPageClass.java:102)
at DemoTestJourney.LoginPageClass.waitForPageToLoad(LoginPageClass.java:102)
at DemoTestJourney.LoginPageClass.waitForPageToLoad(LoginPageClass.java:102)
at DemoTestJourney.LoginPageClass.waitForPageToLoad(LoginPageClass.java:102)
at DemoTestJourney.LoginPageClass.waitForPageToLoad(LoginPageClass.java:102)
at DemoTestJourney.LoginPageClass.waitForPageToLoad(LoginPageClass.java:102)
at DemoTestJourney.LoginPageClass.waitForPageToLoad(LoginPageClass.java:102)
at DemoTestJourney.LoginPageClass.waitForPageToLoad(LoginPageClass.java:102)
at DemoTestJourney.LoginPageClass.waitForPageToLoad(LoginPageClass.java:102)
at DemoTestJourney.LoginPageClass.waitForPageToLoad(LoginPageClass.java:102)
at DemoTestJourney.LoginPageClass.waitForPageToLoad(LoginPageClass.java:102)
at DemoTestJourney.LoginPageClass.waitForPageToLoad(LoginPageClass.java:102)
at DemoTestJourney.LoginPageClass.waitForPageToLoad(LoginPageClass.java:102)
at DemoTestJourney.LoginPageClass.waitForPageToLoad(LoginPageClass.java:102)
at DemoTestJourney.LoginPageClass.waitForPageToLoad(LoginPageClass.java:102)
at DemoTestJourney.LoginPageClass.waitForPageToLoad(LoginPageClass.java:102)
at DemoTestJourney.LoginPageClass.waitForPageToLoad(LoginPageClass.java:102)
at DemoTestJourney.LoginPageClass.waitForPageToLoad(LoginPageClass.java:102)
at DemoTestJourney.LoginPageClass.waitForPageToLoad(LoginPageClass.java:102)
at DemoTestJourney.LoginPageClass.waitForPageToLoad(LoginPageClass.java:102)
at DemoTestJourney.LoginPageClass.waitForPageToLoad(LoginPageClass.java:102)
at DemoTestJourney.LoginPageClass.waitForPageToLoad(LoginPageClass.java:102)
at DemoTestJourney.LoginPageClass.waitForPageToLoad(LoginPageClass.java:102)
at DemoTestJourney.LoginPageClass.waitForPageToLoad(LoginPageClass.java:102)
at DemoTestJourney.LoginPageClass.waitForPageToLoad(LoginPageClass.java:102)
at DemoTestJourney.LoginPageClass.waitForPageToLoad(LoginPageClass.java:102)
at DemoTestJourney.LoginPageClass.waitForPageToLoad(LoginPageClass.java:102)
at DemoTestJourney.LoginPageClass.waitForPageToLoad(LoginPageClass.java:102)
at DemoTestJourney.LoginPageClass.waitForPageToLoad(LoginPageClass.java:102)
at DemoTestJourney.LoginPageClass.waitForPageToLoad(LoginPageClass.java:102)
at DemoTestJourney.LoginPageClass.waitForPageToLoad(LoginPageClass.java:102)
at DemoTestJourney.LoginPageClass.waitForPageToLoad(LoginPageClass.java:102)
at DemoTestJourney.LoginPageClass.waitForPageToLoad(LoginPageClass.java:102)
at DemoTestJourney.LoginPageClass.waitForPageToLoad(LoginPageClass.java:102)
at DemoTestJourney.LoginPageClass.waitForPageToLoad(LoginPageClass.java:102)
at DemoTestJourney.LoginPageClass.waitForPageToLoad(LoginPageClass.java:102)
at DemoTestJourney.LoginPageClass.waitForPageToLoad(LoginPageClass.java:102)
at DemoTestJourney.LoginPageClass.waitForPageToLoad(LoginPageClass.java:102)
at DemoTestJourney.LoginPageClass.waitForPageToLoad(LoginPageClass.java:102)
at DemoTestJourney.LoginPageClass.waitForPageToLoad(LoginPageClass.java:102)
at DemoTestJourney.LoginPageClass.waitForPageToLoad(LoginPageClass.java:102)
at DemoTestJourney.LoginPageClass.waitForPageToLoad(LoginPageClass.java:102)
at DemoTestJourney.LoginPageClass.waitForPageToLoad(LoginPageClass.java:102)
at DemoTestJourney.LoginPageClass.waitForPageToLoad(LoginPageClass.java:102)
at DemoTestJourney.LoginPageClass.waitForPageToLoad(LoginPageClass.java:102)
at DemoTestJourney.LoginPageClass.waitForPageToLoad(LoginPageClass.java:102)
at DemoTestJourney.LoginPageClass.waitForPageToLoad(LoginPageClass.java:102)
at DemoTestJourney.LoginPageClass.waitForPageToLoad(LoginPageClass.java:102)
at DemoTestJourney.LoginPageClass.waitForPageToLoad(LoginPageClass.java:102)
at DemoTestJourney.LoginPageClass.waitForPageToLoad(LoginPageClass.java:102)
at DemoTestJourney.LoginPageClass.waitForPageToLoad(LoginPageClass.java:102)
at DemoTestJourney.LoginPageClass.waitForPageToLoad(LoginPageClass.java:102)
at DemoTestJourney.LoginPageClass.waitForPageToLoad(LoginPageClass.java:102)
at DemoTestJourney.LoginPageClass.waitForPageToLoad(LoginPageClass.java:102)
at DemoTestJourney.LoginPageClass.waitForPageToLoad(LoginPageClass.java:102)
at DemoTestJourney.LoginPageClass.waitForPageToLoad(LoginPageClass.java:102)
at DemoTestJourney.LoginPageClass.waitForPageToLoad(LoginPageClass.java:102)
at DemoTestJourney.LoginPageClass.waitForPageToLoad(LoginPageClass.java:102)
at DemoTestJourney.LoginPageClass.waitForPageToLoad(LoginPageClass.java:102)
at DemoTestJourney.LoginPageClass.waitForPageToLoad(LoginPageClass.java:102)
at DemoTestJourney.LoginPageClass.waitForPageToLoad(LoginPageClass.java:102)
at DemoTestJourney.LoginPageClass.waitForPageToLoad(LoginPageClass.java:102)
at DemoTestJourney.LoginPageClass.waitForPageToLoad(LoginPageClass.java:102)
at DemoTestJourney.LoginPageClass.waitForPageToLoad(LoginPageClass.java:102)
at DemoTestJourney.LoginPageClass.waitForPageToLoad(LoginPageClass.java:102)
at DemoTestJourney.LoginPageClass.waitForPageToLoad(LoginPageClass.java:102)
at DemoTestJourney.LoginPageClass.waitForPageToLoad(LoginPageClass.java:102)
at DemoTestJourney.LoginPageClass.waitForPageToLoad(LoginPageClass.java:102)
at DemoTestJourney.LoginPageClass.waitForPageToLoad(LoginPageClass.java:102)
at DemoTestJourney.LoginPageClass.waitForPageToLoad(LoginPageClass.java:102)
at DemoTestJourney.LoginPageClass.waitForPageToLoad(LoginPageClass.java:102)
at DemoTestJourney.LoginPageClass.waitForPageToLoad(LoginPageClass.java:102)
at DemoTestJourney.LoginPageClass.waitForPageToLoad(LoginPageClass.java:102)
at DemoTestJourney.LoginPageClass.waitForPageToLoad(LoginPageClass.java:102)
at DemoTestJourney.LoginPageClass.waitForPageToLoad(LoginPageClass.java:102)
at DemoTestJourney.LoginPageClass.waitForPageToLoad(LoginPageClass.java:102)
at DemoTestJourney.LoginPageClass.waitForPageToLoad(LoginPageClass.java:102)
at DemoTestJourney.LoginPageClass.waitForPageToLoad(LoginPageClass.java:102)
at DemoTestJourney.LoginPageClass.waitForPageToLoad(LoginPageClass.java:102)
at DemoTestJourney.LoginPageClass.waitForPageToLoad(LoginPageClass.java:102)
at DemoTestJourney.LoginPageClass.waitForPageToLoad(LoginPageClass.java:102)
at DemoTestJourney.LoginPageClass.waitForPageToLoad(LoginPageClass.java:102)
at DemoTestJourney.LoginPageClass.waitForPageToLoad(LoginPageClass.java:102)
at DemoTestJourney.LoginPageClass.waitForPageToLoad(LoginPageClass.java:102)
at DemoTestJourney.LoginPageClass.waitForPageToLoad(LoginPageClass.java:102)
at DemoTestJourney.LoginPageClass.waitForPageToLoad(LoginPageClass.java:102)
at DemoTestJourney.LoginPageClass.waitForPageToLoad(LoginPageClass.java:102)
at DemoTestJourney.LoginPageClass.waitForPageToLoad(LoginPageClass.java:102)
at DemoTestJourney.LoginPageClass.waitForPageToLoad(LoginPageClass.java:102)
at DemoTestJourney.LoginPageClass.waitForPageToLoad(LoginPageClass.java:102)
at DemoTestJourney.LoginPageClass.waitForPageToLoad(LoginPageClass.java:102)
at DemoTestJourney.LoginPageClass.waitForPageToLoad(LoginPageClass.java:102)
at DemoTestJourney.LoginPageClass.waitForPageToLoad(LoginPageClass.java:102)
at DemoTestJourney.LoginPageClass.waitForPageToLoad(LoginPageClass.java:102)
at DemoTestJourney.LoginPageClass.waitForPageToLoad(LoginPageClass.java:102)
at DemoTestJourney.LoginPageClass.waitForPageToLoad(LoginPageClass.java:102)
at DemoTestJourney.LoginPageClass.waitForPageToLoad(LoginPageClass.java:102)
at DemoTestJourney.LoginPageClass.waitForPageToLoad(LoginPageClass.java:102)
at DemoTestJourney.LoginPageClass.waitForPageToLoad(LoginPageClass.java:102)
at DemoTestJourney.LoginPageClass.waitForPageToLoad(LoginPageClass.java:102)
at DemoTestJourney.LoginPageClass.waitForPageToLoad(LoginPageClass.java:102)
at DemoTestJourney.LoginPageClass.waitForPageToLoad(LoginPageClass.java:102)
at DemoTestJourney.LoginPageClass.waitForPageToLoad(LoginPageClass.java:102)
at DemoTestJourney.LoginPageClass.waitForPageToLoad(LoginPageClass.java:102)
at DemoTestJourney.LoginPageClass.waitForPageToLoad(LoginPageClass.java:102)
at DemoTestJourney.LoginPageClass.waitForPageToLoad(LoginPageClass.java:102)
at DemoTestJourney.LoginPageClass.waitForPageToLoad(LoginPageClass.java:102)
at DemoTestJourney.LoginPageClass.waitForPageToLoad(LoginPageClass.java:102)
at DemoTestJourney.LoginPageClass.waitForPageToLoad(LoginPageClass.java:102)
at DemoTestJourney.LoginPageClass.waitForPageToLoad(LoginPageClass.java:102)
at DemoTestJourney.LoginPageClass.waitForPageToLoad(LoginPageClass.java:102)
at DemoTestJourney.LoginPageClass.waitForPageToLoad(LoginPageClass.java:102)
at DemoTestJourney.LoginPageClass.waitForPageToLoad(LoginPageClass.java:102)
at DemoTestJourney.LoginPageClass.waitForPageToLoad(LoginPageClass.java:102)
at DemoTestJourney.LoginPageClass.waitForPageToLoad(LoginPageClass.java:102)
at DemoTestJourney.LoginPageClass.waitForPageToLoad(LoginPageClass.java:102)
at DemoTestJourney.LoginPageClass.waitForPageToLoad(LoginPageClass.java:102)
at DemoTestJourney.LoginPageClass.waitForPageToLoad(LoginPageClass.java:102)
at DemoTestJourney.LoginPageClass.waitForPageToLoad(LoginPageClass.java:102)
at DemoTestJourney.LoginPageClass.waitForPageToLoad(LoginPageClass.java:102)
at DemoTestJourney.LoginPageClass.waitForPageToLoad(LoginPageClass.java:102)
at DemoTestJourney.LoginPageClass.waitForPageToLoad(LoginPageClass.java:102)
at DemoTestJourney.LoginPageClass.waitForPageToLoad(LoginPageClass.java:102)
at DemoTestJourney.LoginPageClass.waitForPageToLoad(LoginPageClass.java:102)
at DemoTestJourney.LoginPageClass.waitForPageToLoad(LoginPageClass.java:102)
at DemoTestJourney.LoginPageClass.waitForPageToLoad(LoginPageClass.java:102)
at DemoTestJourney.LoginPageClass.waitForPageToLoad(LoginPageClass.java:102)
at DemoTestJourney.LoginPageClass.waitForPageToLoad(LoginPageClass.java:102)
at DemoTestJourney.LoginPageClass.waitForPageToLoad(LoginPageClass.java:102)
at DemoTestJourney.LoginPageClass.waitForPageToLoad(LoginPageClass.java:102)
at DemoTestJourney.LoginPageClass.waitForPageToLoad(LoginPageClass.java:102)
at DemoTestJourney.LoginPageClass.waitForPageToLoad(LoginPageClass.java:102)
at DemoTestJourney.LoginPageClass.waitForPageToLoad(LoginPageClass.java:102)
at DemoTestJourney.LoginPageClass.waitForPageToLoad(LoginPageClass.java:102)
at DemoTestJourney.LoginPageClass.waitForPageToLoad(LoginPageClass.java:102)
at DemoTestJourney.LoginPageClass.waitForPageToLoad(LoginPageClass.java:102)
at DemoTestJourney.LoginPageClass.waitForPageToLoad(LoginPageClass.java:102)
at DemoTestJourney.LoginPageClass.waitForPageToLoad(LoginPageClass.java:102)
at DemoTestJourney.LoginPageClass.waitForPageToLoad(LoginPageClass.java:102)
at DemoTestJourney.LoginPageClass.waitForPageToLoad(LoginPageClass.java:102)
at DemoTestJourney.LoginPageClass.waitForPageToLoad(LoginPageClass.java:102)
at DemoTestJourney.LoginPageClass.waitForPageToLoad(LoginPageClass.java:102)
at DemoTestJourney.LoginPageClass.waitForPageToLoad(LoginPageClass.java:102)
at DemoTestJourney.LoginPageClass.waitForPageToLoad(LoginPageClass.java:102)
at DemoTestJourney.LoginPageClass.waitForPageToLoad(LoginPageClass.java:102)
at DemoTestJourney.LoginPageClass.waitForPageToLoad(LoginPageClass.java:102)
at DemoTestJourney.LoginPageClass.waitForPageToLoad(LoginPageClass.java:102)
at DemoTestJourney.LoginPageClass.waitForPageToLoad(LoginPageClass.java:102)
at DemoTestJourney.LoginPageClass.waitForPageToLoad(LoginPageClass.java:102)
at DemoTestJourney.LoginPageClass.waitForPageToLoad(LoginPageClass.java:102)
at DemoTestJourney.LoginPageClass.waitForPageToLoad(LoginPageClass.java:102)
at DemoTestJourney.LoginPageClass.waitForPageToLoad(LoginPageClass.java:102)
at DemoTestJourney.LoginPageClass.waitForPageToLoad(LoginPageClass.java:102)
at DemoTestJourney.LoginPageClass.waitForPageToLoad(LoginPageClass.java:102)
at DemoTestJourney.LoginPageClass.waitForPageToLoad(LoginPageClass.java:102)
at DemoTestJourney.LoginPageClass.waitForPageToLoad(LoginPageClass.java:102)
at DemoTestJourney.LoginPageClass.waitForPageToLoad(LoginPageClass.java:102)
at DemoTestJourney.LoginPageClass.waitForPageToLoad(LoginPageClass.java:102)
at DemoTestJourney.LoginPageClass.waitForPageToLoad(LoginPageClass.java:102)
at DemoTestJourney.LoginPageClass.waitForPageToLoad(LoginPageClass.java:102)
at DemoTestJourney.LoginPageClass.waitForPageToLoad(LoginPageClass.java:102)
at DemoTestJourney.LoginPageClass.waitForPageToLoad(LoginPageClass.java:102)
at DemoTestJourney.LoginPageClass.waitForPageToLoad(LoginPageClass.java:102)
at DemoTestJourney.LoginPageClass.waitForPageToLoad(LoginPageClass.java:102)
at DemoTestJourney.LoginPageClass.waitForPageToLoad(LoginPageClass.java:102)
at DemoTestJourney.LoginPageClass.waitForPageToLoad(LoginPageClass.java:102)
at DemoTestJourney.LoginPageClass.waitForPageToLoad(LoginPageClass.java:102)
at DemoTestJourney.LoginPageClass.waitForPageToLoad(LoginPageClass.java:102)
at DemoTestJourney.LoginPageClass.waitForPageToLoad(LoginPageClass.java:102)
at DemoTestJourney.LoginPageClass.waitForPageToLoad(LoginPageClass.java:102)
at DemoTestJourney.LoginPageClass.waitForPageToLoad(LoginPageClass.java:102)
at DemoTestJourney.LoginPageClass.waitForPageToLoad(LoginPageClass.java:102)
at DemoTestJourney.LoginPageClass.waitForPageToLoad(LoginPageClass.java:102)
at DemoTestJourney.LoginPageClass.waitForPageToLoad(LoginPageClass.java:102)
at DemoTestJourney.LoginPageClass.waitForPageToLoad(LoginPageClass.java:102)
at DemoTestJourney.LoginPageClass.waitForPageToLoad(LoginPageClass.java:102)
at DemoTestJourney.LoginPageClass.waitForPageToLoad(LoginPageClass.java:102)
at DemoTestJourney.LoginPageClass.waitForPageToLoad(LoginPageClass.java:102)
at DemoTestJourney.LoginPageClass.waitForPageToLoad(LoginPageClass.java:102)
at DemoTestJourney.LoginPageClass.waitForPageToLoad(LoginPageClass.java:102)
at DemoTestJourney.LoginPageClass.waitForPageToLoad(LoginPageClass.java:102)
at DemoTestJourney.LoginPageClass.waitForPageToLoad(LoginPageClass.java:102)
at DemoTestJourney.LoginPageClass.waitForPageToLoad(LoginPageClass.java:102)
at DemoTestJourney.LoginPageClass.waitForPageToLoad(LoginPageClass.java:102)
at DemoTestJourney.LoginPageClass.waitForPageToLoad(LoginPageClass.java:102)
at DemoTestJourney.LoginPageClass.waitForPageToLoad(LoginPageClass.java:102)
at DemoTestJourney.LoginPageClass.waitForPageToLoad(LoginPageClass.java:102)
at DemoTestJourney.LoginPageClass.waitForPageToLoad(LoginPageClass.java:102)
at DemoTestJourney.LoginPageClass.waitForPageToLoad(LoginPageClass.java:102)
at DemoTestJourney.LoginPageClass.waitForPageToLoad(LoginPageClass.java:102)
at DemoTestJourney.LoginPageClass.waitForPageToLoad(LoginPageClass.java:102)
at DemoTestJourney.LoginPageClass.waitForPageToLoad(LoginPageClass.java:102)
at DemoTestJourney.LoginPageClass.waitForPageToLoad(LoginPageClass.java:102)
at DemoTestJourney.LoginPageClass.waitForPageToLoad(LoginPageClass.java:102)
at DemoTestJourney.LoginPageClass.waitForPageToLoad(LoginPageClass.java:102)
at DemoTestJourney.LoginPageClass.waitForPageToLoad(LoginPageClass.java:102)
at DemoTestJourney.LoginPageClass.waitForPageToLoad(LoginPageClass.java:102)
at DemoTestJourney.LoginPageClass.waitForPageToLoad(LoginPageClass.java:102)
at DemoTestJourney.LoginPageClass.waitForPageToLoad(LoginPageClass.java:102)
at DemoTestJourney.LoginPageClass.waitForPageToLoad(LoginPageClass.java:102)
at DemoTestJourney.LoginPageClass.waitForPageToLoad(LoginPageClass.java:102)
at DemoTestJourney.LoginPageClass.waitForPageToLoad(LoginPageClass.java:102)
at DemoTestJourney.LoginPageClass.waitForPageToLoad(LoginPageClass.java:102)
at DemoTestJourney.LoginPageClass.waitForPageToLoad(LoginPageClass.java:102)
at DemoTestJourney.LoginPageClass.waitForPageToLoad(LoginPageClass.java:102)
at DemoTestJourney.LoginPageClass.waitForPageToLoad(LoginPageClass.java:102)
at DemoTestJourney.LoginPageClass.waitForPageToLoad(LoginPageClass.java:102)
at DemoTestJourney.LoginPageClass.waitForPageToLoad(LoginPageClass.java:102)
at DemoTestJourney.LoginPageClass.waitForPageToLoad(LoginPageClass.java:102)
at DemoTestJourney.LoginPageClass.waitForPageToLoad(LoginPageClass.java:102)
at DemoTestJourney.LoginPageClass.waitForPageToLoad(LoginPageClass.java:102)
at DemoTestJourney.LoginPageClass.waitForPageToLoad(LoginPageClass.java:102)
at DemoTestJourney.LoginPageClass.waitForPageToLoad(LoginPageClass.java:102)
at DemoTestJourney.LoginPageClass.waitForPageToLoad(LoginPageClass.java:102)
at DemoTestJourney.LoginPageClass.waitForPageToLoad(LoginPageClass.java:102)
at DemoTestJourney.LoginPageClass.waitForPageToLoad(LoginPageClass.java:102)
at DemoTestJourney.LoginPageClass.waitForPageToLoad(LoginPageClass.java:102)
at DemoTestJourney.LoginPageClass.waitForPageToLoad(LoginPageClass.java:102)
at DemoTestJourney.LoginPageClass.waitForPageToLoad(LoginPageClass.java:102)
at DemoTestJourney.LoginPageClass.waitForPageToLoad(LoginPageClass.java:102)
at DemoTestJourney.LoginPageClass.waitForPageToLoad(LoginPageClass.java:102)
at DemoTestJourney.LoginPageClass.waitForPageToLoad(LoginPageClass.java:102)
at DemoTestJourney.LoginPageClass.waitForPageToLoad(LoginPageClass.java:102)
at DemoTestJourney.LoginPageClass.waitForPageToLoad(LoginPageClass.java:102)
at DemoTestJourney.LoginPageClass.waitForPageToLoad(LoginPageClass.java:102)
at DemoTestJourney.LoginPageClass.waitForPageToLoad(LoginPageClass.java:102)
at DemoTestJourney.LoginPageClass.waitForPageToLoad(LoginPageClass.java:102)
at DemoTestJourney.LoginPageClass.waitForPageToLoad(LoginPageClass.java:102)
at DemoTestJourney.LoginPageClass.waitForPageToLoad(LoginPageClass.java:102)
at DemoTestJourney.LoginPageClass.waitForPageToLoad(LoginPageClass.java:102)
at DemoTestJourney.LoginPageClass.waitForPageToLoad(LoginPageClass.java:102)
at DemoTestJourney.LoginPageClass.waitForPageToLoad(LoginPageClass.java:102)
at DemoTestJourney.LoginPageClass.waitForPageToLoad(LoginPageClass.java:102)
at DemoTestJourney.LoginPageClass.waitForPageToLoad(LoginPageClass.java:102)
at DemoTestJourney.LoginPageClass.waitForPageToLoad(LoginPageClass.java:102)
at DemoTestJourney.LoginPageClass.waitForPageToLoad(LoginPageClass.java:102)
at DemoTestJourney.LoginPageClass.waitForPageToLoad(LoginPageClass.java:102)
at DemoTestJourney.LoginPageClass.waitForPageToLoad(LoginPageClass.java:102)
at DemoTestJourney.LoginPageClass.waitForPageToLoad(LoginPageClass.java:102)
at DemoTestJourney.LoginPageClass.waitForPageToLoad(LoginPageClass.java:102)
at DemoTestJourney.LoginPageClass.waitForPageToLoad(LoginPageClass.java:102)
at DemoTestJourney.LoginPageClass.waitForPageToLoad(LoginPageClass.java:102)
at DemoTestJourney.LoginPageClass.waitForPageToLoad(LoginPageClass.java:102)
at DemoTestJourney.LoginPageClass.waitForPageToLoad(LoginPageClass.java:102)
at DemoTestJourney.LoginPageClass.waitForPageToLoad(LoginPageClass.java:102)
at DemoTestJourney.LoginPageClass.waitForPageToLoad(LoginPageClass.java:102)
at DemoTestJourney.LoginPageClass.waitForPageToLoad(LoginPageClass.java:102)
at DemoTestJourney.LoginPageClass.waitForPageToLoad(LoginPageClass.java:102)
at DemoTestJourney.LoginPageClass.waitForPageToLoad(LoginPageClass.java:102)
at DemoTestJourney.LoginPageClass.waitForPageToLoad(LoginPageClass.java:102)
at DemoTestJourney.LoginPageClass.waitForPageToLoad(LoginPageClass.java:102)
at DemoTestJourney.LoginPageClass.waitForPageToLoad(LoginPageClass.java:102)
at DemoTestJourney.LoginPageClass.waitForPageToLoad(LoginPageClass.java:102)
at DemoTestJourney.LoginPageClass.waitForPageToLoad(LoginPageClass.java:102)
at DemoTestJourney.LoginPageClass.waitForPageToLoad(LoginPageClass.java:102)
at DemoTestJourney.LoginPageClass.waitForPageToLoad(LoginPageClass.java:102)
at DemoTestJourney.LoginPageClass.waitForPageToLoad(LoginPageClass.java:102)
at DemoTestJourney.LoginPageClass.waitForPageToLoad(LoginPageClass.java:102)
at DemoTestJourney.LoginPageClass.waitForPageToLoad(LoginPageClass.java:102)
at DemoTestJourney.LoginPageClass.waitForPageToLoad(LoginPageClass.java:102)
at DemoTestJourney.LoginPageClass.waitForPageToLoad(LoginPageClass.java:102)
at DemoTestJourney.LoginPageClass.waitForPageToLoad(LoginPageClass.java:102)
at DemoTestJourney.LoginPageClass.waitForPageToLoad(LoginPageClass.java:102)
at DemoTestJourney.LoginPageClass.waitForPageToLoad(LoginPageClass.java:102)
at DemoTestJourney.LoginPageClass.waitForPageToLoad(LoginPageClass.java:102)
at DemoTestJourney.LoginPageClass.waitForPageToLoad(LoginPageClass.java:102)
at DemoTestJourney.LoginPageClass.waitForPageToLoad(LoginPageClass.java:102)
at DemoTestJourney.LoginPageClass.waitForPageToLoad(LoginPageClass.java:102)
at DemoTestJourney.LoginPageClass.waitForPageToLoad(LoginPageClass.java:102)
at DemoTestJourney.LoginPageClass.waitForPageToLoad(LoginPageClass.java:102)
at DemoTestJourney.LoginPageClass.waitForPageToLoad(LoginPageClass.java:102)
at DemoTestJourney.LoginPageClass.waitForPageToLoad(LoginPageClass.java:102)
at DemoTestJourney.LoginPageClass.waitForPageToLoad(LoginPageClass.java:102)
at DemoTestJourney.LoginPageClass.waitForPageToLoad(LoginPageClass.java:102)
at DemoTestJourney.LoginPageClass.waitForPageToLoad(LoginPageClass.java:102)
at DemoTestJourney.LoginPageClass.waitForPageToLoad(LoginPageClass.java:102)
at DemoTestJourney.LoginPageClass.waitForPageToLoad(LoginPageClass.java:102)
at DemoTestJourney.LoginPageClass.waitForPageToLoad(LoginPageClass.java:102)
at DemoTestJourney.LoginPageClass.waitForPageToLoad(LoginPageClass.java:102)
at DemoTestJourney.LoginPageClass.waitForPageToLoad(LoginPageClass.java:102)
at DemoTestJourney.LoginPageClass.waitForPageToLoad(LoginPageClass.java:102)
at DemoTestJourney.LoginPageClass.waitForPageToLoad(LoginPageClass.java:102)
at DemoTestJourney.LoginPageClass.waitForPageToLoad(LoginPageClass.java:102)
at DemoTestJourney.LoginPageClass.waitForPageToLoad(LoginPageClass.java:102)
at DemoTestJourney.LoginPageClass.waitForPageToLoad(LoginPageClass.java:102)
at DemoTestJourney.LoginPageClass.waitForPageToLoad(LoginPageClass.java:102)
at DemoTestJourney.LoginPageClass.waitForPageToLoad(LoginPageClass.java:102)
at DemoTestJourney.LoginPageClass.waitForPageToLoad(LoginPageClass.java:102)
at DemoTestJourney.LoginPageClass.waitForPageToLoad(LoginPageClass.java:102)
at DemoTestJourney.LoginPageClass.waitForPageToLoad(LoginPageClass.java:102)
at DemoTestJourney.LoginPageClass.waitForPageToLoad(LoginPageClass.java:102)
at DemoTestJourney.LoginPageClass.waitForPageToLoad(LoginPageClass.java:102)
at DemoTestJourney.LoginPageClass.waitForPageToLoad(LoginPageClass.java:102)
at DemoTestJourney.LoginPageClass.waitForPageToLoad(LoginPageClass.java:102)
at DemoTestJourney.LoginPageClass.waitForPageToLoad(LoginPageClass.java:102)
at DemoTestJourney.LoginPageClass.waitForPageToLoad(LoginPageClass.java:102)
at DemoTestJourney.LoginPageClass.waitForPageToLoad(LoginPageClass.java:102)
at DemoTestJourney.LoginPageClass.waitForPageToLoad(LoginPageClass.java:102)
at DemoTestJourney.LoginPageClass.waitForPageToLoad(LoginPageClass.java:102)
at DemoTestJourney.LoginPageClass.waitForPageToLoad(LoginPageClass.java:102)
at DemoTestJourney.LoginPageClass.waitForPageToLoad(LoginPageClass.java:102)
at DemoTestJourney.LoginPageClass.waitForPageToLoad(LoginPageClass.java:102)
at DemoTestJourney.LoginPageClass.waitForPageToLoad(LoginPageClass.java:102)
at DemoTestJourney.LoginPageClass.waitForPageToLoad(LoginPageClass.java:102)
at DemoTestJourney.LoginPageClass.waitForPageToLoad(LoginPageClass.java:102)
at DemoTestJourney.LoginPageClass.waitForPageToLoad(LoginPageClass.java:102)
at DemoTestJourney.LoginPageClass.waitForPageToLoad(LoginPageClass.java:102)
at DemoTestJourney.LoginPageClass.waitForPageToLoad(LoginPageClass.java:102)
at DemoTestJourney.LoginPageClass.waitForPageToLoad(LoginPageClass.java:102)
at DemoTestJourney.LoginPageClass.waitForPageToLoad(LoginPageClass.java:102)
at DemoTestJourney.LoginPageClass.waitForPageToLoad(LoginPageClass.java:102)
at DemoTestJourney.LoginPageClass.waitForPageToLoad(LoginPageClass.java:102)
at DemoTestJourney.LoginPageClass.waitForPageToLoad(LoginPageClass.java:102)
at DemoTestJourney.LoginPageClass.waitForPageToLoad(LoginPageClass.java:102)
at DemoTestJourney.LoginPageClass.waitForPageToLoad(LoginPageClass.java:102)
at DemoTestJourney.LoginPageClass.waitForPageToLoad(LoginPageClass.java:102)
at DemoTestJourney.LoginPageClass.waitForPageToLoad(LoginPageClass.java:102)
at DemoTestJourney.LoginPageClass.waitForPageToLoad(LoginPageClass.java:102)
at DemoTestJourney.LoginPageClass.waitForPageToLoad(LoginPageClass.java:102)
at DemoTestJourney.LoginPageClass.waitForPageToLoad(LoginPageClass.java:102)
at DemoTestJourney.LoginPageClass.waitForPageToLoad(LoginPageClass.java:102)
at DemoTestJourney.LoginPageClass.waitForPageToLoad(LoginPageClass.java:102)
at DemoTestJourney.LoginPageClass.waitForPageToLoad(LoginPageClass.java:102)
at DemoTestJourney.LoginPageClass.waitForPageToLoad(LoginPageClass.java:102)
at DemoTestJourney.LoginPageClass.waitForPageToLoad(LoginPageClass.java:102)
at DemoTestJourney.LoginPageClass.waitForPageToLoad(LoginPageClass.java:102)
at DemoTestJourney.LoginPageClass.waitForPageToLoad(LoginPageClass.java:102)
at DemoTestJourney.LoginPageClass.waitForPageToLoad(LoginPageClass.java:102)
at DemoTestJourney.LoginPageClass.waitForPageToLoad(LoginPageClass.java:102)
at DemoTestJourney.LoginPageClass.waitForPageToLoad(LoginPageClass.java:102)
at DemoTestJourney.LoginPageClass.waitForPageToLoad(LoginPageClass.java:102)
at DemoTestJourney.LoginPageClass.waitForPageToLoad(LoginPageClass.java:102)
at DemoTestJourney.LoginPageClass.waitForPageToLoad(LoginPageClass.java:102)
at DemoTestJourney.LoginPageClass.waitForPageToLoad(LoginPageClass.java:102)
at DemoTestJourney.LoginPageClass.waitForPageToLoad(LoginPageClass.java:102)
at DemoTestJourney.LoginPageClass.waitForPageToLoad(LoginPageClass.java:102)
at DemoTestJourney.LoginPageClass.waitForPageToLoad(LoginPageClass.java:102)
at DemoTestJourney.LoginPageClass.waitForPageToLoad(LoginPageClass.java:102)
at DemoTestJourney.LoginPageClass.waitForPageToLoad(LoginPageClass.java:102)
at DemoTestJourney.LoginPageClass.waitForPageToLoad(LoginPageClass.java:102)
at DemoTestJourney.LoginPageClass.waitForPageToLoad(LoginPageClass.java:102)
at DemoTestJourney.LoginPageClass.waitForPageToLoad(LoginPageClass.java:102)
at DemoTestJourney.LoginPageClass.waitForPageToLoad(LoginPageClass.java:102)
at DemoTestJourney.LoginPageClass.waitForPageToLoad(LoginPageClass.java:102)
at DemoTestJourney.LoginPageClass.waitForPageToLoad(LoginPageClass.java:102)
at DemoTestJourney.LoginPageClass.waitForPageToLoad(LoginPageClass.java:102)
at DemoTestJourney.LoginPageClass.waitForPageToLoad(LoginPageClass.java:102)
at DemoTestJourney.LoginPageClass.waitForPageToLoad(LoginPageClass.java:102)
at DemoTestJourney.LoginPageClass.waitForPageToLoad(LoginPageClass.java:102)
at DemoTestJourney.LoginPageClass.waitForPageToLoad(LoginPageClass.java:102)
at DemoTestJourney.LoginPageClass.waitForPageToLoad(LoginPageClass.java:102)
at DemoTestJourney.LoginPageClass.waitForPageToLoad(LoginPageClass.java:102)
at DemoTestJourney.LoginPageClass.waitForPageToLoad(LoginPageClass.java:102)
at DemoTestJourney.LoginPageClass.waitForPageToLoad(LoginPageClass.java:102)
at DemoTestJourney.LoginPageClass.waitForPageToLoad(LoginPageClass.java:102)
at DemoTestJourney.LoginPageClass.waitForPageToLoad(LoginPageClass.java:102)
at DemoTestJourney.LoginPageClass.waitForPageToLoad(LoginPageClass.java:102)
at DemoTestJourney.LoginPageClass.waitForPageToLoad(LoginPageClass.java:102)
at DemoTestJourney.LoginPageClass.waitForPageToLoad(LoginPageClass.java:102)
at DemoTestJourney.LoginPageClass.waitForPageToLoad(LoginPageClass.java:102)
at DemoTestJourney.LoginPageClass.waitForPageToLoad(LoginPageClass.java:102)
at DemoTestJourney.LoginPageClass.waitForPageToLoad(LoginPageClass.java:102)
at DemoTestJourney.LoginPageClass.waitForPageToLoad(LoginPageClass.java:102)
at DemoTestJourney.LoginPageClass.waitForPageToLoad(LoginPageClass.java:102)
at DemoTestJourney.LoginPageClass.waitForPageToLoad(LoginPageClass.java:102)
at DemoTestJourney.LoginPageClass.waitForPageToLoad(LoginPageClass.java:102)
at DemoTestJourney.LoginPageClass.waitForPageToLoad(LoginPageClass.java:102)
at DemoTestJourney.LoginPageClass.waitForPageToLoad(LoginPageClass.java:102)
at DemoTestJourney.LoginPageClass.waitForPageToLoad(LoginPageClass.java:102)
at DemoTestJourney.LoginPageClass.waitForPageToLoad(LoginPageClass.java:102)
at DemoTestJourney.LoginPageClass.waitForPageToLoad(LoginPageClass.java:102)
at DemoTestJourney.LoginPageClass.waitForPageToLoad(LoginPageClass.java:102)
at DemoTestJourney.LoginPageClass.waitForPageToLoad(LoginPageClass.java:102)
at DemoTestJourney.LoginPageClass.waitForPageToLoad(LoginPageClass.java:102)
at DemoTestJourney.LoginPageClass.waitForPageToLoad(LoginPageClass.java:102)
at DemoTestJourney.LoginPageClass.waitForPageToLoad(LoginPageClass.java:102)
at DemoTestJourney.LoginPageClass.waitForPageToLoad(LoginPageClass.java:102)
at DemoTestJourney.LoginPageClass.waitForPageToLoad(LoginPageClass.java:102)
at DemoTestJourney.LoginPageClass.waitForPageToLoad(LoginPageClass.java:102)
at DemoTestJourney.LoginPageClass.waitForPageToLoad(LoginPageClass.java:102)
at DemoTestJourney.LoginPageClass.waitForPageToLoad(LoginPageClass.java:102)
at DemoTestJourney.LoginPageClass.waitForPageToLoad(LoginPageClass.java:102)
at DemoTestJourney.LoginPageClass.waitForPageToLoad(LoginPageClass.java:102)
at DemoTestJourney.LoginPageClass.waitForPageToLoad(LoginPageClass.java:102)
at DemoTestJourney.LoginPageClass.waitForPageToLoad(LoginPageClass.java:102)
at DemoTestJourney.LoginPageClass.waitForPageToLoad(LoginPageClass.java:102)
at DemoTestJourney.LoginPageClass.waitForPageToLoad(LoginPageClass.java:102)
at DemoTestJourney.LoginPageClass.waitForPageToLoad(LoginPageClass.java:102)
at DemoTestJourney.LoginPageClass.waitForPageToLoad(LoginPageClass.java:102)
at DemoTestJourney.LoginPageClass.waitForPageToLoad(LoginPageClass.java:102)
at DemoTestJourney.LoginPageClass.waitForPageToLoad(LoginPageClass.java:102)
at DemoTestJourney.LoginPageClass.waitForPageToLoad(LoginPageClass.java:102)
at DemoTestJourney.LoginPageClass.waitForPageToLoad(LoginPageClass.java:102)
at DemoTestJourney.LoginPageClass.waitForPageToLoad(LoginPageClass.java:102)
at DemoTestJourney.LoginPageClass.waitForPageToLoad(LoginPageClass.java:102)
at DemoTestJourney.LoginPageClass.waitForPageToLoad(LoginPageClass.java:102)
at DemoTestJourney.LoginPageClass.waitForPageToLoad(LoginPageClass.java:102)
at DemoTestJourney.LoginPageClass.waitForPageToLoad(LoginPageClass.java:102)
at DemoTestJourney.LoginPageClass.waitForPageToLoad(LoginPageClass.java:102)
at DemoTestJourney.LoginPageClass.waitForPageToLoad(LoginPageClass.java:102)
at DemoTestJourney.LoginPageClass.waitForPageToLoad(LoginPageClass.java:102)
at DemoTestJourney.LoginPageClass.waitForPageToLoad(LoginPageClass.java:102)
at DemoTestJourney.LoginPageClass.waitForPageToLoad(LoginPageClass.java:102)
at DemoTestJourney.LoginPageClass.waitForPageToLoad(LoginPageClass.java:102)
at DemoTestJourney.LoginPageClass.waitForPageToLoad(LoginPageClass.java:102)
at DemoTestJourney.LoginPageClass.waitForPageToLoad(LoginPageClass.java:102)
at DemoTestJourney.LoginPageClass.waitForPageToLoad(LoginPageClass.java:102)
at DemoTestJourney.LoginPageClass.waitForPageToLoad(LoginPageClass.java:102)
at DemoTestJourney.LoginPageClass.waitForPageToLoad(LoginPageClass.java:102)
at DemoTestJourney.LoginPageClass.waitForPageToLoad(LoginPageClass.java:102)
at DemoTestJourney.LoginPageClass.waitForPageToLoad(LoginPageClass.java:102)
at DemoTestJourney.LoginPageClass.waitForPageToLoad(LoginPageClass.java:102)
at DemoTestJourney.LoginPageClass.waitForPageToLoad(LoginPageClass.java:102)
at DemoTestJourney.LoginPageClass.waitForPageToLoad(LoginPageClass.java:102)
at DemoTestJourney.LoginPageClass.waitForPageToLoad(LoginPageClass.java:102)
at DemoTestJourney.LoginPageClass.waitForPageToLoad(LoginPageClass.java:102)
at DemoTestJourney.LoginPageClass.waitForPageToLoad(LoginPageClass.java:102)
at DemoTestJourney.LoginPageClass.waitForPageToLoad(LoginPageClass.java:102)
at DemoTestJourney.LoginPageClass.waitForPageToLoad(LoginPageClass.java:102)
at DemoTestJourney.LoginPageClass.waitForPageToLoad(LoginPageClass.java:102)
at DemoTestJourney.LoginPageClass.waitForPageToLoad(LoginPageClass.java:102)
at DemoTestJourney.LoginPageClass.waitForPageToLoad(LoginPageClass.java:102)
at DemoTestJourney.LoginPageClass.waitForPageToLoad(LoginPageClass.java:102)
at DemoTestJourney.LoginPageClass.waitForPageToLoad(LoginPageClass.java:102)
at DemoTestJourney.LoginPageClass.waitForPageToLoad(LoginPageClass.java:102)
at DemoTestJourney.LoginPageClass.waitForPageToLoad(LoginPageClass.java:102)
at DemoTestJourney.LoginPageClass.waitForPageToLoad(LoginPageClass.java:102)
at DemoTestJourney.LoginPageClass.waitForPageToLoad(LoginPageClass.java:102)
at DemoTestJourney.LoginPageClass.waitForPageToLoad(LoginPageClass.java:102)
at DemoTestJourney.LoginPageClass.waitForPageToLoad(LoginPageClass.java:102)
at DemoTestJourney.LoginPageClass.waitForPageToLoad(LoginPageClass.java:102)
at DemoTestJourney.LoginPageClass.waitForPageToLoad(LoginPageClass.java:102)
at DemoTestJourney.LoginPageClass.waitForPageToLoad(LoginPageClass.java:102)
at DemoTestJourney.LoginPageClass.waitForPageToLoad(LoginPageClass.java:102)
at DemoTestJourney.LoginPageClass.waitForPageToLoad(LoginPageClass.java:102)
at DemoTestJourney.LoginPageClass.waitForPageToLoad(LoginPageClass.java:102)
at DemoTestJourney.LoginPageClass.waitForPageToLoad(LoginPageClass.java:102)
at DemoTestJourney.LoginPageClass.waitForPageToLoad(LoginPageClass.java:102)
at DemoTestJourney.LoginPageClass.waitForPageToLoad(LoginPageClass.java:102)
at DemoTestJourney.LoginPageClass.waitForPageToLoad(LoginPageClass.java:102)
at DemoTestJourney.LoginPageClass.waitForPageToLoad(LoginPageClass.java:102)
at DemoTestJourney.LoginPageClass.waitForPageToLoad(LoginPageClass.java:102)
at DemoTestJourney.LoginPageClass.waitForPageToLoad(LoginPageClass.java:102)
at DemoTestJourney.LoginPageClass.waitForPageToLoad(LoginPageClass.java:102)
at DemoTestJourney.LoginPageClass.waitForPageToLoad(LoginPageClass.java:102)
at DemoTestJourney.LoginPageClass.waitForPageToLoad(LoginPageClass.java:102)
at DemoTestJourney.LoginPageClass.waitForPageToLoad(LoginPageClass.java:102)
at DemoTestJourney.LoginPageClass.waitForPageToLoad(LoginPageClass.java:102)
at DemoTestJourney.LoginPageClass.waitForPageToLoad(LoginPageClass.java:102)
at DemoTestJourney.LoginPageClass.waitForPageToLoad(LoginPageClass.java:102)
at DemoTestJourney.LoginPageClass.waitForPageToLoad(LoginPageClass.java:102)
at DemoTestJourney.LoginPageClass.waitForPageToLoad(LoginPageClass.java:102)
at DemoTestJourney.LoginPageClass.waitForPageToLoad(LoginPageClass.java:102)
at DemoTestJourney.LoginPageClass.waitForPageToLoad(LoginPageClass.java:102)
at DemoTestJourney.LoginPageClass.waitForPageToLoad(LoginPageClass.java:102)
at DemoTestJourney.LoginPageClass.waitForPageToLoad(LoginPageClass.java:102)
at DemoTestJourney.LoginPageClass.waitForPageToLoad(LoginPageClass.java:102)
at ✽.User Proved the correct Username(file:///D:/Jwalant%20Downloads/Workspace/DemoTestJourney/src/test/java/feature/DemoJourneyFeature.feature:6)
]]>
    </error>
  </testcase> <!-- runScenario -->
  <testcase classname="runners.TestRunner" name="runCucumberTests" time="0.021"/>
</testsuite> <!-- runners.TestRunner -->
