<?xml version="1.0" encoding="UTF-8"?>
<!-- Generated by org.testng.reporters.JUnitReportReporter -->
<testsuite hostname="IshaLap" failures="0" tests="2" name="runners.NegativeFlowRunner" time="3.422" errors="0" timestamp="2024-07-29T02:19:46 IST" skipped="0">
  <testcase classname="runners.NegativeFlowRunner" name="runScenario" time="3.027"/>
  <testcase classname="runners.NegativeFlowRunner" name="runCucumberTests" time="0.395"/>
</testsuite> <!-- runners.NegativeFlowRunner -->
