<?xml version="1.0" encoding="UTF-8"?>
<!-- Generated by org.testng.reporters.JUnitReportReporter -->
<testsuite hostname="IshaLap" failures="0" tests="2" name="runners.PositiveFlowRunner" time="5.295" errors="0" timestamp="2024-07-29T02:10:00 IST" skipped="0">
  <testcase classname="runners.PositiveFlowRunner" name="runCucumberTests" time="0.525"/>
  <testcase classname="runners.PositiveFlowRunner" name="runScenario" time="4.770"/>
</testsuite> <!-- runners.PositiveFlowRunner -->
